This file contains any messages produced by compilers while
running configure, to aid debugging if configure makes a mistake.

It was created by iaxclient configure 2.0.2, which was
generated by GNU Autoconf 2.61.  Invocation command line was

  $ ./configure --host=arm-angstrom-linux-gnueabi --prefix=/usr/local/openmoko/arm

## --------- ##
## Platform. ##
## --------- ##

hostname = kruz
uname -m = i686
uname -r = 2.6.22-3-686
uname -s = Linux
uname -v = #1 SMP Mon Nov 12 08:32:57 UTC 2007

/usr/bin/uname -p = unknown
/bin/uname -X     = unknown

/bin/arch              = unknown
/usr/bin/arch -k       = unknown
/usr/convex/getsysinfo = unknown
/usr/bin/hostinfo      = unknown
/bin/machine           = unknown
/usr/bin/oslevel       = unknown
/bin/universe          = unknown

PATH: /usr/local/openmoko/arm/bin
PATH: /usr/local/sbin
PATH: /usr/local/bin
PATH: /usr/sbin
PATH: /usr/bin
PATH: /sbin
PATH: /bin


## ----------- ##
## Core tests. ##
## ----------- ##

configure:2118: checking for a BSD-compatible install
configure:2174: result: /usr/bin/install -c
configure:2185: checking whether build environment is sane
configure:2228: result: yes
configure:2256: checking for a thread-safe mkdir -p
configure:2295: result: /bin/mkdir -p
configure:2308: checking for gawk
configure:2324: found /usr/bin/gawk
configure:2335: result: gawk
configure:2346: checking whether make sets $(MAKE)
configure:2367: result: yes
configure:2447: checking for arm-angstrom-linux-gnueabi-strip
configure:2474: result: arm-angstrom-linux-gnueabi-strip
configure:2555: checking whether to enable maintainer-specific portions of Makefiles
configure:2564: result: no
configure:2592: checking build system type
configure:2610: result: i686-pc-linux-gnu
configure:2632: checking host system type
configure:2647: result: arm-angstrom-linux-gnueabi
configure:2685: checking for arm-angstrom-linux-gnueabi-gcc
configure:2712: result: ccache arm-angstrom-linux-gnueabi-gcc -march=armv4t -mtune=arm920t
configure:2990: checking for C compiler version
configure:2997: ccache arm-angstrom-linux-gnueabi-gcc -march=armv4t -mtune=arm920t --version >&5
arm-angstrom-linux-gnueabi-gcc (GCC) 4.1.2
Copyright (C) 2006 Free Software Foundation, Inc.
This is free software; see the source for copying conditions.  There is NO
warranty; not even for MERCHANTABILITY or FITNESS FOR A PARTICULAR PURPOSE.

configure:3000: $? = 0
configure:3007: ccache arm-angstrom-linux-gnueabi-gcc -march=armv4t -mtune=arm920t -v >&5
Using built-in specs.
Target: arm-angstrom-linux-gnueabi
Configured with: /home/john/oe/tmp/openmoko/work/i686-armv4t-sdk-angstrom-linux-gnueabi/gcc-cross-sdk-4.1.2-r10/gcc-4.1.2/configure --build=i686-linux --host=i686-linux --target=arm-angstrom-linux-gnueabi --prefix=/usr/local/openmoko/arm --exec_prefix=/usr/local/openmoko/arm --bindir=/usr/local/openmoko/arm/bin --sbindir=/usr/local/openmoko/arm/bin --libexecdir=/usr/local/openmoko/arm/libexec --datadir=/usr/local/openmoko/arm/share --sysconfdir=/usr/local/openmoko/arm/etc --sharedstatedir=/usr/local/openmoko/arm/share/com --localstatedir=/usr/local/openmoko/arm/var --libdir=/usr/local/openmoko/arm/lib --includedir=/usr/local/openmoko/arm/include --oldincludedir=/usr/local/openmoko/arm/include --infodir=/usr/local/openmoko/arm/share/info --mandir=/usr/local/openmoko/arm/share/man --with-gnu-ld --enable-shared --enable-target-optspace --enable-languages=c,c++ --enable-threads=posix --enable-multilib --enable-c99 --enable-long-long --enable-symvers=gnu --enable-libstdcxx-pch --program-prefix=arm-angstrom-linux-gnueabi- --with-local-prefix=/usr/local/openmoko/arm/local --with-gxx-include-dir=/usr/local/openmoko/arm/include/c++/4.1.2 --with-float=soft --disable-libssp --with-sysroot=/home/john/oe/tmp/openmoko/work/i686-armv4t-sdk-angstrom-linux-gnueabi/gcc-cross-sdk-4.1.2-r10/sysroot --disable-libunwind-exceptions --with-mpfr=/home/john/oe/tmp/openmoko/staging/i686-linux --enable-__cxa_atexit
Thread model: posix
gcc version 4.1.2
configure:3010: $? = 0
configure:3017: ccache arm-angstrom-linux-gnueabi-gcc -march=armv4t -mtune=arm920t -V >&5
arm-angstrom-linux-gnueabi-gcc: '-V' must come at the start of the command line
configure:3020: $? = 1
configure:3043: checking for C compiler default output file name
configure:3070: ccache arm-angstrom-linux-gnueabi-gcc -march=armv4t -mtune=arm920t -isystem/usr/local/openmoko/arm/arm-angstrom-linux-gnueabi/include -isystem/usr/local/openmoko/arm/include -fexpensive-optimizations -fomit-frame-pointer -frename-registers -Os -isystem/usr/local/openmoko/arm/arm-angstrom-linux-gnueabi/include -isystem/usr/local/openmoko/arm/include -L/usr/local/openmoko/arm/arm-angstrom-linux-gnueabi/lib -L/usr/local/openmoko/arm/lib -Wl,-rpath-link,/usr/local/openmoko/arm/arm-angstrom-linux-gnueabi/lib -Wl,-rpath-link,/usr/local/openmoko/arm/lib -L/usr/local/openmoko/arm/lib -Wl,-O1 conftest.c  >&5
configure:3073: $? = 0
configure:3111: result: a.out
configure:3128: checking whether the C compiler works
configure:3138: ./a.out
./configure: line 3139: ./a.out: cannot execute binary file
configure:3141: $? = 126
configure:3158: result: yes
configure:3165: checking whether we are cross compiling
configure:3167: result: yes
configure:3170: checking for suffix of executables
configure:3177: ccache arm-angstrom-linux-gnueabi-gcc -march=armv4t -mtune=arm920t -o conftest -isystem/usr/local/openmoko/arm/arm-angstrom-linux-gnueabi/include -isystem/usr/local/openmoko/arm/include -fexpensive-optimizations -fomit-frame-pointer -frename-registers -Os -isystem/usr/local/openmoko/arm/arm-angstrom-linux-gnueabi/include -isystem/usr/local/openmoko/arm/include -L/usr/local/openmoko/arm/arm-angstrom-linux-gnueabi/lib -L/usr/local/openmoko/arm/lib -Wl,-rpath-link,/usr/local/openmoko/arm/arm-angstrom-linux-gnueabi/lib -Wl,-rpath-link,/usr/local/openmoko/arm/lib -L/usr/local/openmoko/arm/lib -Wl,-O1 conftest.c  >&5
configure:3180: $? = 0
configure:3204: result: 
configure:3210: checking for suffix of object files
configure:3236: ccache arm-angstrom-linux-gnueabi-gcc -march=armv4t -mtune=arm920t -c -isystem/usr/local/openmoko/arm/arm-angstrom-linux-gnueabi/include -isystem/usr/local/openmoko/arm/include -fexpensive-optimizations -fomit-frame-pointer -frename-registers -Os -isystem/usr/local/openmoko/arm/arm-angstrom-linux-gnueabi/include -isystem/usr/local/openmoko/arm/include conftest.c >&5
configure:3239: $? = 0
configure:3262: result: o
configure:3266: checking whether we are using the GNU C compiler
configure:3295: ccache arm-angstrom-linux-gnueabi-gcc -march=armv4t -mtune=arm920t -c -isystem/usr/local/openmoko/arm/arm-angstrom-linux-gnueabi/include -isystem/usr/local/openmoko/arm/include -fexpensive-optimizations -fomit-frame-pointer -frename-registers -Os -isystem/usr/local/openmoko/arm/arm-angstrom-linux-gnueabi/include -isystem/usr/local/openmoko/arm/include conftest.c >&5
configure:3301: $? = 0
configure:3318: result: yes
configure:3323: checking whether ccache arm-angstrom-linux-gnueabi-gcc -march=armv4t -mtune=arm920t accepts -g
configure:3353: ccache arm-angstrom-linux-gnueabi-gcc -march=armv4t -mtune=arm920t -c -g -isystem/usr/local/openmoko/arm/arm-angstrom-linux-gnueabi/include -isystem/usr/local/openmoko/arm/include conftest.c >&5
configure:3359: $? = 0
configure:3458: result: yes
configure:3475: checking for ccache arm-angstrom-linux-gnueabi-gcc -march=armv4t -mtune=arm920t option to accept ISO C89
configure:3549: ccache arm-angstrom-linux-gnueabi-gcc -march=armv4t -mtune=arm920t  -c -isystem/usr/local/openmoko/arm/arm-angstrom-linux-gnueabi/include -isystem/usr/local/openmoko/arm/include -fexpensive-optimizations -fomit-frame-pointer -frename-registers -Os -isystem/usr/local/openmoko/arm/arm-angstrom-linux-gnueabi/include -isystem/usr/local/openmoko/arm/include conftest.c >&5
configure:3555: $? = 0
configure:3578: result: none needed
configure:3607: checking for style of include used by make
configure:3635: result: GNU
configure:3660: checking dependency style of ccache arm-angstrom-linux-gnueabi-gcc -march=armv4t -mtune=arm920t
configure:3751: result: gcc3
configure:3767: checking whether ccache arm-angstrom-linux-gnueabi-gcc -march=armv4t -mtune=arm920t and cc understand -c and -o together
configure:3802: ccache arm-angstrom-linux-gnueabi-gcc -march=armv4t -mtune=arm920t -c conftest.c -o conftest2.o >&5
configure:3805: $? = 0
configure:3811: ccache arm-angstrom-linux-gnueabi-gcc -march=armv4t -mtune=arm920t -c conftest.c -o conftest2.o >&5
configure:3814: $? = 0
configure:3825: cc -c conftest.c >&5
configure:3828: $? = 0
configure:3836: cc -c conftest.c -o conftest2.o >&5
configure:3839: $? = 0
configure:3845: cc -c conftest.c -o conftest2.o >&5
configure:3848: $? = 0
configure:3866: result: yes
configure:3898: checking how to run the C preprocessor
configure:4014: result: arm-angstrom-linux-gnueabi-gcc -E
configure:4043: arm-angstrom-linux-gnueabi-gcc -E -isystem/usr/local/openmoko/arm/arm-angstrom-linux-gnueabi/include -isystem/usr/local/openmoko/arm/include conftest.c
configure:4049: $? = 0
configure:4080: arm-angstrom-linux-gnueabi-gcc -E -isystem/usr/local/openmoko/arm/arm-angstrom-linux-gnueabi/include -isystem/usr/local/openmoko/arm/include conftest.c
conftest.c:11:28: error: ac_nonexistent.h: No such file or directory
configure:4086: $? = 1
configure: failed program was:
| /* confdefs.h.  */
| #define PACKAGE_NAME "iaxclient"
| #define PACKAGE_TARNAME "iaxclient"
| #define PACKAGE_VERSION "2.0.2"
| #define PACKAGE_STRING "iaxclient 2.0.2"
| #define PACKAGE_BUGREPORT "jpgrayson@gmail.com"
| #define PACKAGE "iaxclient"
| #define VERSION "2.0.2"
| #define _GNU_SOURCE 1
| /* end confdefs.h.  */
| #include <ac_nonexistent.h>
configure:4124: checking for grep that handles long lines and -e
configure:4198: result: /bin/grep
configure:4203: checking for egrep
configure:4281: result: /bin/grep -E
configure:4287: checking whether ccache arm-angstrom-linux-gnueabi-gcc -march=armv4t -mtune=arm920t needs -traditional
configure:4329: result: no
configure:4452: checking for C++ compiler version
configure:4459: ccache arm-angstrom-linux-gnueabi-g++ -march=armv4t -mtune=arm920t --version >&5
arm-angstrom-linux-gnueabi-g++ (GCC) 4.1.2
Copyright (C) 2006 Free Software Foundation, Inc.
This is free software; see the source for copying conditions.  There is NO
warranty; not even for MERCHANTABILITY or FITNESS FOR A PARTICULAR PURPOSE.

configure:4462: $? = 0
configure:4469: ccache arm-angstrom-linux-gnueabi-g++ -march=armv4t -mtune=arm920t -v >&5
Using built-in specs.
Target: arm-angstrom-linux-gnueabi
Configured with: /home/john/oe/tmp/openmoko/work/i686-armv4t-sdk-angstrom-linux-gnueabi/gcc-cross-sdk-4.1.2-r10/gcc-4.1.2/configure --build=i686-linux --host=i686-linux --target=arm-angstrom-linux-gnueabi --prefix=/usr/local/openmoko/arm --exec_prefix=/usr/local/openmoko/arm --bindir=/usr/local/openmoko/arm/bin --sbindir=/usr/local/openmoko/arm/bin --libexecdir=/usr/local/openmoko/arm/libexec --datadir=/usr/local/openmoko/arm/share --sysconfdir=/usr/local/openmoko/arm/etc --sharedstatedir=/usr/local/openmoko/arm/share/com --localstatedir=/usr/local/openmoko/arm/var --libdir=/usr/local/openmoko/arm/lib --includedir=/usr/local/openmoko/arm/include --oldincludedir=/usr/local/openmoko/arm/include --infodir=/usr/local/openmoko/arm/share/info --mandir=/usr/local/openmoko/arm/share/man --with-gnu-ld --enable-shared --enable-target-optspace --enable-languages=c,c++ --enable-threads=posix --enable-multilib --enable-c99 --enable-long-long --enable-symvers=gnu --enable-libstdcxx-pch --program-prefix=arm-angstrom-linux-gnueabi- --with-local-prefix=/usr/local/openmoko/arm/local --with-gxx-include-dir=/usr/local/openmoko/arm/include/c++/4.1.2 --with-float=soft --disable-libssp --with-sysroot=/home/john/oe/tmp/openmoko/work/i686-armv4t-sdk-angstrom-linux-gnueabi/gcc-cross-sdk-4.1.2-r10/sysroot --disable-libunwind-exceptions --with-mpfr=/home/john/oe/tmp/openmoko/staging/i686-linux --enable-__cxa_atexit
Thread model: posix
gcc version 4.1.2
configure:4472: $? = 0
configure:4479: ccache arm-angstrom-linux-gnueabi-g++ -march=armv4t -mtune=arm920t -V >&5
arm-angstrom-linux-gnueabi-g++: argument to '-V' missing

configure:4482: $? = 1
configure:4485: checking whether we are using the GNU C++ compiler
configure:4514: ccache arm-angstrom-linux-gnueabi-g++ -march=armv4t -mtune=arm920t -c -isystem/usr/local/openmoko/arm/arm-angstrom-linux-gnueabi/include -isystem/usr/local/openmoko/arm/include -fexpensive-optimizations -fomit-frame-pointer -frename-registers -Os -fpermissive -fvisibility-inlines-hidden -isystem/usr/local/openmoko/arm/arm-angstrom-linux-gnueabi/include -isystem/usr/local/openmoko/arm/include conftest.cpp >&5
configure:4520: $? = 0
configure:4537: result: yes
configure:4542: checking whether ccache arm-angstrom-linux-gnueabi-g++ -march=armv4t -mtune=arm920t accepts -g
configure:4572: ccache arm-angstrom-linux-gnueabi-g++ -march=armv4t -mtune=arm920t -c -g -isystem/usr/local/openmoko/arm/arm-angstrom-linux-gnueabi/include -isystem/usr/local/openmoko/arm/include conftest.cpp >&5
configure:4578: $? = 0
configure:4677: result: yes
configure:4702: checking dependency style of ccache arm-angstrom-linux-gnueabi-g++ -march=armv4t -mtune=arm920t
configure:4793: result: gcc3
configure:4821: checking for a BSD-compatible install
configure:4877: result: /usr/bin/install -c
configure:4962: checking for a sed that does not truncate output
configure:5018: result: /bin/sed
configure:5032: checking for ld used by ccache arm-angstrom-linux-gnueabi-gcc -march=armv4t -mtune=arm920t
configure:5099: result: arm-angstrom-linux-gnueabi-ld
configure:5108: checking if the linker (arm-angstrom-linux-gnueabi-ld) is GNU ld
configure:5123: result: yes
configure:5128: checking for arm-angstrom-linux-gnueabi-ld option to reload object files
configure:5135: result: -r
configure:5153: checking for BSD-compatible nm
configure:5202: result: /usr/local/openmoko/arm/bin/arm-angstrom-linux-gnueabi-nm -B
configure:5206: checking whether ln -s works
configure:5210: result: yes
configure:5217: checking how to recognize dependent libraries
configure:5403: result: pass_all
configure:5928: checking for ANSI C header files
configure:5958: ccache arm-angstrom-linux-gnueabi-gcc -march=armv4t -mtune=arm920t -c -isystem/usr/local/openmoko/arm/arm-angstrom-linux-gnueabi/include -isystem/usr/local/openmoko/arm/include -fexpensive-optimizations -fomit-frame-pointer -frename-registers -Os -isystem/usr/local/openmoko/arm/arm-angstrom-linux-gnueabi/include -isystem/usr/local/openmoko/arm/include conftest.c >&5
configure:5964: $? = 0
configure:6092: result: yes
configure:6116: checking for sys/types.h
configure:6137: ccache arm-angstrom-linux-gnueabi-gcc -march=armv4t -mtune=arm920t -c -isystem/usr/local/openmoko/arm/arm-angstrom-linux-gnueabi/include -isystem/usr/local/openmoko/arm/include -fexpensive-optimizations -fomit-frame-pointer -frename-registers -Os -isystem/usr/local/openmoko/arm/arm-angstrom-linux-gnueabi/include -isystem/usr/local/openmoko/arm/include conftest.c >&5
configure:6143: $? = 0
configure:6159: result: yes
configure:6116: checking for sys/stat.h
configure:6137: ccache arm-angstrom-linux-gnueabi-gcc -march=armv4t -mtune=arm920t -c -isystem/usr/local/openmoko/arm/arm-angstrom-linux-gnueabi/include -isystem/usr/local/openmoko/arm/include -fexpensive-optimizations -fomit-frame-pointer -frename-registers -Os -isystem/usr/local/openmoko/arm/arm-angstrom-linux-gnueabi/include -isystem/usr/local/openmoko/arm/include conftest.c >&5
configure:6143: $? = 0
configure:6159: result: yes
configure:6116: checking for stdlib.h
configure:6137: ccache arm-angstrom-linux-gnueabi-gcc -march=armv4t -mtune=arm920t -c -isystem/usr/local/openmoko/arm/arm-angstrom-linux-gnueabi/include -isystem/usr/local/openmoko/arm/include -fexpensive-optimizations -fomit-frame-pointer -frename-registers -Os -isystem/usr/local/openmoko/arm/arm-angstrom-linux-gnueabi/include -isystem/usr/local/openmoko/arm/include conftest.c >&5
configure:6143: $? = 0
configure:6159: result: yes
configure:6116: checking for string.h
configure:6137: ccache arm-angstrom-linux-gnueabi-gcc -march=armv4t -mtune=arm920t -c -isystem/usr/local/openmoko/arm/arm-angstrom-linux-gnueabi/include -isystem/usr/local/openmoko/arm/include -fexpensive-optimizations -fomit-frame-pointer -frename-registers -Os -isystem/usr/local/openmoko/arm/arm-angstrom-linux-gnueabi/include -isystem/usr/local/openmoko/arm/include conftest.c >&5
configure:6143: $? = 0
configure:6159: result: yes
configure:6116: checking for memory.h
configure:6137: ccache arm-angstrom-linux-gnueabi-gcc -march=armv4t -mtune=arm920t -c -isystem/usr/local/openmoko/arm/arm-angstrom-linux-gnueabi/include -isystem/usr/local/openmoko/arm/include -fexpensive-optimizations -fomit-frame-pointer -frename-registers -Os -isystem/usr/local/openmoko/arm/arm-angstrom-linux-gnueabi/include -isystem/usr/local/openmoko/arm/include conftest.c >&5
configure:6143: $? = 0
configure:6159: result: yes
configure:6116: checking for strings.h
configure:6137: ccache arm-angstrom-linux-gnueabi-gcc -march=armv4t -mtune=arm920t -c -isystem/usr/local/openmoko/arm/arm-angstrom-linux-gnueabi/include -isystem/usr/local/openmoko/arm/include -fexpensive-optimizations -fomit-frame-pointer -frename-registers -Os -isystem/usr/local/openmoko/arm/arm-angstrom-linux-gnueabi/include -isystem/usr/local/openmoko/arm/include conftest.c >&5
configure:6143: $? = 0
configure:6159: result: yes
configure:6116: checking for inttypes.h
configure:6137: ccache arm-angstrom-linux-gnueabi-gcc -march=armv4t -mtune=arm920t -c -isystem/usr/local/openmoko/arm/arm-angstrom-linux-gnueabi/include -isystem/usr/local/openmoko/arm/include -fexpensive-optimizations -fomit-frame-pointer -frename-registers -Os -isystem/usr/local/openmoko/arm/arm-angstrom-linux-gnueabi/include -isystem/usr/local/openmoko/arm/include conftest.c >&5
configure:6143: $? = 0
configure:6159: result: yes
configure:6116: checking for stdint.h
configure:6137: ccache arm-angstrom-linux-gnueabi-gcc -march=armv4t -mtune=arm920t -c -isystem/usr/local/openmoko/arm/arm-angstrom-linux-gnueabi/include -isystem/usr/local/openmoko/arm/include -fexpensive-optimizations -fomit-frame-pointer -frename-registers -Os -isystem/usr/local/openmoko/arm/arm-angstrom-linux-gnueabi/include -isystem/usr/local/openmoko/arm/include conftest.c >&5
configure:6143: $? = 0
configure:6159: result: yes
configure:6116: checking for unistd.h
configure:6137: ccache arm-angstrom-linux-gnueabi-gcc -march=armv4t -mtune=arm920t -c -isystem/usr/local/openmoko/arm/arm-angstrom-linux-gnueabi/include -isystem/usr/local/openmoko/arm/include -fexpensive-optimizations -fomit-frame-pointer -frename-registers -Os -isystem/usr/local/openmoko/arm/arm-angstrom-linux-gnueabi/include -isystem/usr/local/openmoko/arm/include conftest.c >&5
configure:6143: $? = 0
configure:6159: result: yes
configure:6186: checking dlfcn.h usability
configure:6203: ccache arm-angstrom-linux-gnueabi-gcc -march=armv4t -mtune=arm920t -c -isystem/usr/local/openmoko/arm/arm-angstrom-linux-gnueabi/include -isystem/usr/local/openmoko/arm/include -fexpensive-optimizations -fomit-frame-pointer -frename-registers -Os -isystem/usr/local/openmoko/arm/arm-angstrom-linux-gnueabi/include -isystem/usr/local/openmoko/arm/include conftest.c >&5
configure:6209: $? = 0
configure:6223: result: yes
configure:6227: checking dlfcn.h presence
configure:6242: arm-angstrom-linux-gnueabi-gcc -E -isystem/usr/local/openmoko/arm/arm-angstrom-linux-gnueabi/include -isystem/usr/local/openmoko/arm/include conftest.c
configure:6248: $? = 0
configure:6262: result: yes
configure:6295: checking for dlfcn.h
configure:6303: result: yes
configure:6326: checking how to run the C++ preprocessor
configure:6362: ccache arm-angstrom-linux-gnueabi-g++ -march=armv4t -mtune=arm920t -E -isystem/usr/local/openmoko/arm/arm-angstrom-linux-gnueabi/include -isystem/usr/local/openmoko/arm/include conftest.cpp
configure:6368: $? = 0
configure:6399: ccache arm-angstrom-linux-gnueabi-g++ -march=armv4t -mtune=arm920t -E -isystem/usr/local/openmoko/arm/arm-angstrom-linux-gnueabi/include -isystem/usr/local/openmoko/arm/include conftest.cpp
conftest.cpp:22:28: error: ac_nonexistent.h: No such file or directory
configure:6405: $? = 1
configure: failed program was:
| /* confdefs.h.  */
| #define PACKAGE_NAME "iaxclient"
| #define PACKAGE_TARNAME "iaxclient"
| #define PACKAGE_VERSION "2.0.2"
| #define PACKAGE_STRING "iaxclient 2.0.2"
| #define PACKAGE_BUGREPORT "jpgrayson@gmail.com"
| #define PACKAGE "iaxclient"
| #define VERSION "2.0.2"
| #define _GNU_SOURCE 1
| #define STDC_HEADERS 1
| #define HAVE_SYS_TYPES_H 1
| #define HAVE_SYS_STAT_H 1
| #define HAVE_STDLIB_H 1
| #define HAVE_STRING_H 1
| #define HAVE_MEMORY_H 1
| #define HAVE_STRINGS_H 1
| #define HAVE_INTTYPES_H 1
| #define HAVE_STDINT_H 1
| #define HAVE_UNISTD_H 1
| #define HAVE_DLFCN_H 1
| /* end confdefs.h.  */
| #include <ac_nonexistent.h>
configure:6438: result: ccache arm-angstrom-linux-gnueabi-g++ -march=armv4t -mtune=arm920t -E
configure:6467: ccache arm-angstrom-linux-gnueabi-g++ -march=armv4t -mtune=arm920t -E -isystem/usr/local/openmoko/arm/arm-angstrom-linux-gnueabi/include -isystem/usr/local/openmoko/arm/include conftest.cpp
configure:6473: $? = 0
configure:6504: ccache arm-angstrom-linux-gnueabi-g++ -march=armv4t -mtune=arm920t -E -isystem/usr/local/openmoko/arm/arm-angstrom-linux-gnueabi/include -isystem/usr/local/openmoko/arm/include conftest.cpp
conftest.cpp:22:28: error: ac_nonexistent.h: No such file or directory
configure:6510: $? = 1
configure: failed program was:
| /* confdefs.h.  */
| #define PACKAGE_NAME "iaxclient"
| #define PACKAGE_TARNAME "iaxclient"
| #define PACKAGE_VERSION "2.0.2"
| #define PACKAGE_STRING "iaxclient 2.0.2"
| #define PACKAGE_BUGREPORT "jpgrayson@gmail.com"
| #define PACKAGE "iaxclient"
| #define VERSION "2.0.2"
| #define _GNU_SOURCE 1
| #define STDC_HEADERS 1
| #define HAVE_SYS_TYPES_H 1
| #define HAVE_SYS_STAT_H 1
| #define HAVE_STDLIB_H 1
| #define HAVE_STRING_H 1
| #define HAVE_MEMORY_H 1
| #define HAVE_STRINGS_H 1
| #define HAVE_INTTYPES_H 1
| #define HAVE_STDINT_H 1
| #define HAVE_UNISTD_H 1
| #define HAVE_DLFCN_H 1
| /* end confdefs.h.  */
| #include <ac_nonexistent.h>
configure:6559: checking for arm-angstrom-linux-gnueabi-g77
configure:6586: result: ccache arm-angstrom-linux-gnueabi-g77 -march=armv4t -mtune=arm920t
configure:6660: checking for Fortran 77 compiler version
configure:6667: ccache arm-angstrom-linux-gnueabi-g77 -march=armv4t -mtune=arm920t --version >&5
arm-angstrom-linux-gnueabi-g77: No such file or directory
configure:6670: $? = 1
configure:6677: ccache arm-angstrom-linux-gnueabi-g77 -march=armv4t -mtune=arm920t -v >&5
arm-angstrom-linux-gnueabi-g77: No such file or directory
configure:6680: $? = 1
configure:6687: ccache arm-angstrom-linux-gnueabi-g77 -march=armv4t -mtune=arm920t -V >&5
arm-angstrom-linux-gnueabi-g77: No such file or directory
configure:6690: $? = 1
configure:6698: checking whether we are using the GNU Fortran 77 compiler
configure:6717: ccache arm-angstrom-linux-gnueabi-g77 -march=armv4t -mtune=arm920t -c  conftest.F >&5
arm-angstrom-linux-gnueabi-g77: No such file or directory
configure:6723: $? = 1
configure: failed program was:
|       program main
| #ifndef __GNUC__
|        choke me
| #endif
| 
|       end
configure:6740: result: no
configure:6746: checking whether ccache arm-angstrom-linux-gnueabi-g77 -march=armv4t -mtune=arm920t accepts -g
configure:6763: ccache arm-angstrom-linux-gnueabi-g77 -march=armv4t -mtune=arm920t -c -g conftest.f >&5
arm-angstrom-linux-gnueabi-g77: No such file or directory
configure:6769: $? = 1
configure: failed program was:
|       program main
| 
|       end
configure:6785: result: no
configure:6815: checking the maximum length of command line arguments
configure:6927: result: 98304
configure:6939: checking command to parse /usr/local/openmoko/arm/bin/arm-angstrom-linux-gnueabi-nm -B output from ccache arm-angstrom-linux-gnueabi-gcc -march=armv4t -mtune=arm920t object
configure:7044: ccache arm-angstrom-linux-gnueabi-gcc -march=armv4t -mtune=arm920t -c -isystem/usr/local/openmoko/arm/arm-angstrom-linux-gnueabi/include -isystem/usr/local/openmoko/arm/include -fexpensive-optimizations -fomit-frame-pointer -frename-registers -Os -isystem/usr/local/openmoko/arm/arm-angstrom-linux-gnueabi/include -isystem/usr/local/openmoko/arm/include conftest.c >&5
configure:7047: $? = 0
configure:7051: /usr/local/openmoko/arm/bin/arm-angstrom-linux-gnueabi-nm -B conftest.o \| sed -n -e 's/^.*[ 	]\([ABCDGIRSTW][ABCDGIRSTW]*\)[ 	][ 	]*\([_A-Za-z][_A-Za-z0-9]*\)$/\1 \2 \2/p' \> conftest.nm
configure:7054: $? = 0
configure:7106: ccache arm-angstrom-linux-gnueabi-gcc -march=armv4t -mtune=arm920t -o conftest -isystem/usr/local/openmoko/arm/arm-angstrom-linux-gnueabi/include -isystem/usr/local/openmoko/arm/include -fexpensive-optimizations -fomit-frame-pointer -frename-registers -Os -isystem/usr/local/openmoko/arm/arm-angstrom-linux-gnueabi/include -isystem/usr/local/openmoko/arm/include -L/usr/local/openmoko/arm/arm-angstrom-linux-gnueabi/lib -L/usr/local/openmoko/arm/lib -Wl,-rpath-link,/usr/local/openmoko/arm/arm-angstrom-linux-gnueabi/lib -Wl,-rpath-link,/usr/local/openmoko/arm/lib -L/usr/local/openmoko/arm/lib -Wl,-O1 conftest.c conftstm.o >&5
configure:7109: $? = 0
configure:7147: result: ok
configure:7151: checking for objdir
configure:7166: result: .libs
configure:7218: checking for arm-angstrom-linux-gnueabi-ar
configure:7245: result: arm-angstrom-linux-gnueabi-ar
configure:7314: checking for arm-angstrom-linux-gnueabi-ranlib
configure:7341: result: arm-angstrom-linux-gnueabi-ranlib
configure:7410: checking for arm-angstrom-linux-gnueabi-strip
configure:7437: result: arm-angstrom-linux-gnueabi-strip
configure:7763: checking if ccache arm-angstrom-linux-gnueabi-gcc -march=armv4t -mtune=arm920t supports -fno-rtti -fno-exceptions
configure:7781: ccache arm-angstrom-linux-gnueabi-gcc -march=armv4t -mtune=arm920t -c -isystem/usr/local/openmoko/arm/arm-angstrom-linux-gnueabi/include -isystem/usr/local/openmoko/arm/include -fexpensive-optimizations -fomit-frame-pointer -frename-registers -Os -isystem/usr/local/openmoko/arm/arm-angstrom-linux-gnueabi/include -isystem/usr/local/openmoko/arm/include -fno-rtti -fno-exceptions conftest.c >&5
cc1: warning: command line option "-fno-rtti" is valid for C++/ObjC++ but not for C
cc1: warning: command line option "-fno-rtti" is valid for C++/ObjC++ but not for C
configure:7785: $? = 0
configure:7798: result: no
configure:7813: checking for ccache arm-angstrom-linux-gnueabi-gcc -march=armv4t -mtune=arm920t option to produce PIC
configure:8045: result: -fPIC
configure:8053: checking if ccache arm-angstrom-linux-gnueabi-gcc -march=armv4t -mtune=arm920t PIC flag -fPIC works
configure:8071: ccache arm-angstrom-linux-gnueabi-gcc -march=armv4t -mtune=arm920t -c -isystem/usr/local/openmoko/arm/arm-angstrom-linux-gnueabi/include -isystem/usr/local/openmoko/arm/include -fexpensive-optimizations -fomit-frame-pointer -frename-registers -Os -isystem/usr/local/openmoko/arm/arm-angstrom-linux-gnueabi/include -isystem/usr/local/openmoko/arm/include -fPIC -DPIC conftest.c >&5
configure:8075: $? = 0
configure:8088: result: yes
configure:8116: checking if ccache arm-angstrom-linux-gnueabi-gcc -march=armv4t -mtune=arm920t static flag -static works
configure:8144: result: yes
configure:8154: checking if ccache arm-angstrom-linux-gnueabi-gcc -march=armv4t -mtune=arm920t supports -c -o file.o
configure:8175: ccache arm-angstrom-linux-gnueabi-gcc -march=armv4t -mtune=arm920t -c -isystem/usr/local/openmoko/arm/arm-angstrom-linux-gnueabi/include -isystem/usr/local/openmoko/arm/include -fexpensive-optimizations -fomit-frame-pointer -frename-registers -Os -isystem/usr/local/openmoko/arm/arm-angstrom-linux-gnueabi/include -isystem/usr/local/openmoko/arm/include -o out/conftest2.o conftest.c >&5
configure:8179: $? = 0
configure:8201: result: yes
configure:8227: checking whether the ccache arm-angstrom-linux-gnueabi-gcc -march=armv4t -mtune=arm920t linker (arm-angstrom-linux-gnueabi-ld) supports shared libraries
configure:9208: result: yes
configure:9229: checking whether -lc should be explicitly linked in
configure:9234: ccache arm-angstrom-linux-gnueabi-gcc -march=armv4t -mtune=arm920t -c -isystem/usr/local/openmoko/arm/arm-angstrom-linux-gnueabi/include -isystem/usr/local/openmoko/arm/include -fexpensive-optimizations -fomit-frame-pointer -frename-registers -Os -isystem/usr/local/openmoko/arm/arm-angstrom-linux-gnueabi/include -isystem/usr/local/openmoko/arm/include conftest.c >&5
configure:9237: $? = 0
configure:9252: ccache arm-angstrom-linux-gnueabi-gcc -march=armv4t -mtune=arm920t -shared conftest.o  -v -Wl,-soname -Wl,conftest -o conftest 2\>\&1 \| grep  -lc  \>/dev/null 2\>\&1
configure:9255: $? = 0
configure:9267: result: no
configure:9275: checking dynamic linker characteristics
configure:9889: result: GNU/Linux ld.so
configure:9898: checking how to hardcode library paths into programs
configure:9923: result: immediate
configure:9937: checking whether stripping libraries is possible
configure:9942: result: yes
configure:10744: checking if libtool supports shared libraries
configure:10746: result: yes
configure:10749: checking whether to build shared libraries
configure:10770: result: yes
configure:10773: checking whether to build static libraries
configure:10777: result: yes
configure:10870: creating libtool
configure:11458: checking for ld used by ccache arm-angstrom-linux-gnueabi-g++ -march=armv4t -mtune=arm920t
configure:11525: result: arm-angstrom-linux-gnueabi-ld
configure:11534: checking if the linker (arm-angstrom-linux-gnueabi-ld) is GNU ld
configure:11549: result: yes
configure:11600: checking whether the ccache arm-angstrom-linux-gnueabi-g++ -march=armv4t -mtune=arm920t linker (arm-angstrom-linux-gnueabi-ld) supports shared libraries
configure:12574: result: yes
configure:12592: ccache arm-angstrom-linux-gnueabi-g++ -march=armv4t -mtune=arm920t -c -isystem/usr/local/openmoko/arm/arm-angstrom-linux-gnueabi/include -isystem/usr/local/openmoko/arm/include -fexpensive-optimizations -fomit-frame-pointer -frename-registers -Os -fpermissive -fvisibility-inlines-hidden -isystem/usr/local/openmoko/arm/arm-angstrom-linux-gnueabi/include -isystem/usr/local/openmoko/arm/include conftest.cpp >&5
configure:12595: $? = 0
configure:12747: checking for ccache arm-angstrom-linux-gnueabi-g++ -march=armv4t -mtune=arm920t option to produce PIC
configure:13031: result: -fPIC
configure:13039: checking if ccache arm-angstrom-linux-gnueabi-g++ -march=armv4t -mtune=arm920t PIC flag -fPIC works
configure:13057: ccache arm-angstrom-linux-gnueabi-g++ -march=armv4t -mtune=arm920t -c -isystem/usr/local/openmoko/arm/arm-angstrom-linux-gnueabi/include -isystem/usr/local/openmoko/arm/include -fexpensive-optimizations -fomit-frame-pointer -frename-registers -Os -fpermissive -fvisibility-inlines-hidden -isystem/usr/local/openmoko/arm/arm-angstrom-linux-gnueabi/include -isystem/usr/local/openmoko/arm/include -fPIC -DPIC conftest.cpp >&5
configure:13061: $? = 0
configure:13074: result: yes
configure:13102: checking if ccache arm-angstrom-linux-gnueabi-g++ -march=armv4t -mtune=arm920t static flag -static works
configure:13130: result: yes
configure:13140: checking if ccache arm-angstrom-linux-gnueabi-g++ -march=armv4t -mtune=arm920t supports -c -o file.o
configure:13161: ccache arm-angstrom-linux-gnueabi-g++ -march=armv4t -mtune=arm920t -c -isystem/usr/local/openmoko/arm/arm-angstrom-linux-gnueabi/include -isystem/usr/local/openmoko/arm/include -fexpensive-optimizations -fomit-frame-pointer -frename-registers -Os -fpermissive -fvisibility-inlines-hidden -isystem/usr/local/openmoko/arm/arm-angstrom-linux-gnueabi/include -isystem/usr/local/openmoko/arm/include -o out/conftest2.o conftest.cpp >&5
configure:13165: $? = 0
configure:13187: result: yes
configure:13213: checking whether the ccache arm-angstrom-linux-gnueabi-g++ -march=armv4t -mtune=arm920t linker (arm-angstrom-linux-gnueabi-ld) supports shared libraries
configure:13241: result: yes
configure:13308: checking dynamic linker characteristics
configure:13870: result: GNU/Linux ld.so
configure:13879: checking how to hardcode library paths into programs
configure:13904: result: immediate
configure:14438: checking if libtool supports shared libraries
configure:14440: result: yes
configure:14443: checking whether to build shared libraries
configure:14463: result: yes
configure:14466: checking whether to build static libraries
configure:14470: result: yes
configure:14480: checking for ccache arm-angstrom-linux-gnueabi-g77 -march=armv4t -mtune=arm920t option to produce PIC
configure:14712: result: -fPIC
configure:14720: checking if ccache arm-angstrom-linux-gnueabi-g77 -march=armv4t -mtune=arm920t PIC flag -fPIC works
configure:14738: ccache arm-angstrom-linux-gnueabi-g77 -march=armv4t -mtune=arm920t -c  -fPIC conftest.f >&5
arm-angstrom-linux-gnueabi-g77: No such file or directory
configure:14742: $? = 1
configure:14755: result: no
configure:14783: checking if ccache arm-angstrom-linux-gnueabi-g77 -march=armv4t -mtune=arm920t static flag -static works
configure:14811: result: no
configure:14821: checking if ccache arm-angstrom-linux-gnueabi-g77 -march=armv4t -mtune=arm920t supports -c -o file.o
configure:14842: ccache arm-angstrom-linux-gnueabi-g77 -march=armv4t -mtune=arm920t -c  -o out/conftest2.o conftest.f >&5
arm-angstrom-linux-gnueabi-g77: No such file or directory
configure:14846: $? = 1
configure:14868: result: no
configure:14894: checking whether the ccache arm-angstrom-linux-gnueabi-g77 -march=armv4t -mtune=arm920t linker (arm-angstrom-linux-gnueabi-ld) supports shared libraries
configure:15855: result: yes
configure:15922: checking dynamic linker characteristics
configure:16484: result: GNU/Linux ld.so
configure:16493: checking how to hardcode library paths into programs
configure:16518: result: immediate
configure:20102: checking for ANSI C header files
configure:20266: result: yes
configure:20276: checking for stdbool.h that conforms to C99
configure:20369: ccache arm-angstrom-linux-gnueabi-gcc -march=armv4t -mtune=arm920t -c -isystem/usr/local/openmoko/arm/arm-angstrom-linux-gnueabi/include -isystem/usr/local/openmoko/arm/include -fexpensive-optimizations -fomit-frame-pointer -frename-registers -Os -isystem/usr/local/openmoko/arm/arm-angstrom-linux-gnueabi/include -isystem/usr/local/openmoko/arm/include conftest.c >&5
configure:20375: $? = 0
configure:20390: result: yes
configure:20392: checking for _Bool
configure:20422: ccache arm-angstrom-linux-gnueabi-gcc -march=armv4t -mtune=arm920t -c -isystem/usr/local/openmoko/arm/arm-angstrom-linux-gnueabi/include -isystem/usr/local/openmoko/arm/include -fexpensive-optimizations -fomit-frame-pointer -frename-registers -Os -isystem/usr/local/openmoko/arm/arm-angstrom-linux-gnueabi/include -isystem/usr/local/openmoko/arm/include conftest.c >&5
configure:20428: $? = 0
configure:20443: result: yes
configure:20462: checking whether time.h and sys/time.h may both be included
configure:20492: ccache arm-angstrom-linux-gnueabi-gcc -march=armv4t -mtune=arm920t -c -isystem/usr/local/openmoko/arm/arm-angstrom-linux-gnueabi/include -isystem/usr/local/openmoko/arm/include -fexpensive-optimizations -fomit-frame-pointer -frename-registers -Os -isystem/usr/local/openmoko/arm/arm-angstrom-linux-gnueabi/include -isystem/usr/local/openmoko/arm/include conftest.c >&5
configure:20498: $? = 0
configure:20513: result: yes
configure:20540: checking sys/time.h usability
configure:20557: ccache arm-angstrom-linux-gnueabi-gcc -march=armv4t -mtune=arm920t -c -isystem/usr/local/openmoko/arm/arm-angstrom-linux-gnueabi/include -isystem/usr/local/openmoko/arm/include -fexpensive-optimizations -fomit-frame-pointer -frename-registers -Os -isystem/usr/local/openmoko/arm/arm-angstrom-linux-gnueabi/include -isystem/usr/local/openmoko/arm/include conftest.c >&5
configure:20563: $? = 0
configure:20577: result: yes
configure:20581: checking sys/time.h presence
configure:20596: arm-angstrom-linux-gnueabi-gcc -E -isystem/usr/local/openmoko/arm/arm-angstrom-linux-gnueabi/include -isystem/usr/local/openmoko/arm/include conftest.c
configure:20602: $? = 0
configure:20616: result: yes
configure:20649: checking for sys/time.h
configure:20657: result: yes
configure:20540: checking varargs.h usability
configure:20557: ccache arm-angstrom-linux-gnueabi-gcc -march=armv4t -mtune=arm920t -c -isystem/usr/local/openmoko/arm/arm-angstrom-linux-gnueabi/include -isystem/usr/local/openmoko/arm/include -fexpensive-optimizations -fomit-frame-pointer -frename-registers -Os -isystem/usr/local/openmoko/arm/arm-angstrom-linux-gnueabi/include -isystem/usr/local/openmoko/arm/include conftest.c >&5
In file included from conftest.c:60:
/usr/local/openmoko/arm/lib/gcc/arm-angstrom-linux-gnueabi/4.1.2/include/varargs.h:4:2: error: #error "GCC no longer implements <varargs.h>."
/usr/local/openmoko/arm/lib/gcc/arm-angstrom-linux-gnueabi/4.1.2/include/varargs.h:5:2: error: #error "Revise your code to use <stdarg.h>."
configure:20563: $? = 1
configure: failed program was:
| /* confdefs.h.  */
| #define PACKAGE_NAME "iaxclient"
| #define PACKAGE_TARNAME "iaxclient"
| #define PACKAGE_VERSION "2.0.2"
| #define PACKAGE_STRING "iaxclient 2.0.2"
| #define PACKAGE_BUGREPORT "jpgrayson@gmail.com"
| #define PACKAGE "iaxclient"
| #define VERSION "2.0.2"
| #define _GNU_SOURCE 1
| #define STDC_HEADERS 1
| #define HAVE_SYS_TYPES_H 1
| #define HAVE_SYS_STAT_H 1
| #define HAVE_STDLIB_H 1
| #define HAVE_STRING_H 1
| #define HAVE_MEMORY_H 1
| #define HAVE_STRINGS_H 1
| #define HAVE_INTTYPES_H 1
| #define HAVE_STDINT_H 1
| #define HAVE_UNISTD_H 1
| #define HAVE_DLFCN_H 1
| #define STDC_HEADERS 1
| #define HAVE__BOOL 1
| #define HAVE_STDBOOL_H 1
| #define TIME_WITH_SYS_TIME 1
| #define HAVE_SYS_TIME_H 1
| /* end confdefs.h.  */
| #include <stdio.h>
| #ifdef HAVE_SYS_TYPES_H
| # include <sys/types.h>
| #endif
| #ifdef HAVE_SYS_STAT_H
| # include <sys/stat.h>
| #endif
| #ifdef STDC_HEADERS
| # include <stdlib.h>
| # include <stddef.h>
| #else
| # ifdef HAVE_STDLIB_H
| #  include <stdlib.h>
| # endif
| #endif
| #ifdef HAVE_STRING_H
| # if !defined STDC_HEADERS && defined HAVE_MEMORY_H
| #  include <memory.h>
| # endif
| # include <string.h>
| #endif
| #ifdef HAVE_STRINGS_H
| # include <strings.h>
| #endif
| #ifdef HAVE_INTTYPES_H
| # include <inttypes.h>
| #endif
| #ifdef HAVE_STDINT_H
| # include <stdint.h>
| #endif
| #ifdef HAVE_UNISTD_H
| # include <unistd.h>
| #endif
| #include <varargs.h>
configure:20577: result: no
configure:20581: checking varargs.h presence
configure:20596: arm-angstrom-linux-gnueabi-gcc -E -isystem/usr/local/openmoko/arm/arm-angstrom-linux-gnueabi/include -isystem/usr/local/openmoko/arm/include conftest.c
In file included from conftest.c:27:
/usr/local/openmoko/arm/lib/gcc/arm-angstrom-linux-gnueabi/4.1.2/include/varargs.h:4:2: error: #error "GCC no longer implements <varargs.h>."
/usr/local/openmoko/arm/lib/gcc/arm-angstrom-linux-gnueabi/4.1.2/include/varargs.h:5:2: error: #error "Revise your code to use <stdarg.h>."
configure:20602: $? = 1
configure: failed program was:
| /* confdefs.h.  */
| #define PACKAGE_NAME "iaxclient"
| #define PACKAGE_TARNAME "iaxclient"
| #define PACKAGE_VERSION "2.0.2"
| #define PACKAGE_STRING "iaxclient 2.0.2"
| #define PACKAGE_BUGREPORT "jpgrayson@gmail.com"
| #define PACKAGE "iaxclient"
| #define VERSION "2.0.2"
| #define _GNU_SOURCE 1
| #define STDC_HEADERS 1
| #define HAVE_SYS_TYPES_H 1
| #define HAVE_SYS_STAT_H 1
| #define HAVE_STDLIB_H 1
| #define HAVE_STRING_H 1
| #define HAVE_MEMORY_H 1
| #define HAVE_STRINGS_H 1
| #define HAVE_INTTYPES_H 1
| #define HAVE_STDINT_H 1
| #define HAVE_UNISTD_H 1
| #define HAVE_DLFCN_H 1
| #define STDC_HEADERS 1
| #define HAVE__BOOL 1
| #define HAVE_STDBOOL_H 1
| #define TIME_WITH_SYS_TIME 1
| #define HAVE_SYS_TIME_H 1
| /* end confdefs.h.  */
| #include <varargs.h>
configure:20616: result: no
configure:20649: checking for varargs.h
configure:20657: result: no
configure:20540: checking sys/socket.h usability
configure:20557: ccache arm-angstrom-linux-gnueabi-gcc -march=armv4t -mtune=arm920t -c -isystem/usr/local/openmoko/arm/arm-angstrom-linux-gnueabi/include -isystem/usr/local/openmoko/arm/include -fexpensive-optimizations -fomit-frame-pointer -frename-registers -Os -isystem/usr/local/openmoko/arm/arm-angstrom-linux-gnueabi/include -isystem/usr/local/openmoko/arm/include conftest.c >&5
configure:20563: $? = 0
configure:20577: result: yes
configure:20581: checking sys/socket.h presence
configure:20596: arm-angstrom-linux-gnueabi-gcc -E -isystem/usr/local/openmoko/arm/arm-angstrom-linux-gnueabi/include -isystem/usr/local/openmoko/arm/include conftest.c
configure:20602: $? = 0
configure:20616: result: yes
configure:20649: checking for sys/socket.h
configure:20657: result: yes
configure:20671: checking for an ANSI C-conforming const
configure:20746: ccache arm-angstrom-linux-gnueabi-gcc -march=armv4t -mtune=arm920t -c -isystem/usr/local/openmoko/arm/arm-angstrom-linux-gnueabi/include -isystem/usr/local/openmoko/arm/include -fexpensive-optimizations -fomit-frame-pointer -frename-registers -Os -isystem/usr/local/openmoko/arm/arm-angstrom-linux-gnueabi/include -isystem/usr/local/openmoko/arm/include conftest.c >&5
configure:20752: $? = 0
configure:20767: result: yes
configure:20777: checking for inline
configure:20803: ccache arm-angstrom-linux-gnueabi-gcc -march=armv4t -mtune=arm920t -c -isystem/usr/local/openmoko/arm/arm-angstrom-linux-gnueabi/include -isystem/usr/local/openmoko/arm/include -fexpensive-optimizations -fomit-frame-pointer -frename-registers -Os -isystem/usr/local/openmoko/arm/arm-angstrom-linux-gnueabi/include -isystem/usr/local/openmoko/arm/include conftest.c >&5
configure:20809: $? = 0
configure:20827: result: inline
configure:20846: checking for working volatile
configure:20875: ccache arm-angstrom-linux-gnueabi-gcc -march=armv4t -mtune=arm920t -c -isystem/usr/local/openmoko/arm/arm-angstrom-linux-gnueabi/include -isystem/usr/local/openmoko/arm/include -fexpensive-optimizations -fomit-frame-pointer -frename-registers -Os -isystem/usr/local/openmoko/arm/arm-angstrom-linux-gnueabi/include -isystem/usr/local/openmoko/arm/include conftest.c >&5
configure:20881: $? = 0
configure:20896: result: yes
configure:20906: checking for pid_t
configure:20936: ccache arm-angstrom-linux-gnueabi-gcc -march=armv4t -mtune=arm920t -c -isystem/usr/local/openmoko/arm/arm-angstrom-linux-gnueabi/include -isystem/usr/local/openmoko/arm/include -fexpensive-optimizations -fomit-frame-pointer -frename-registers -Os -isystem/usr/local/openmoko/arm/arm-angstrom-linux-gnueabi/include -isystem/usr/local/openmoko/arm/include conftest.c >&5
configure:20942: $? = 0
configure:20957: result: yes
configure:20969: checking for size_t
configure:20999: ccache arm-angstrom-linux-gnueabi-gcc -march=armv4t -mtune=arm920t -c -isystem/usr/local/openmoko/arm/arm-angstrom-linux-gnueabi/include -isystem/usr/local/openmoko/arm/include -fexpensive-optimizations -fomit-frame-pointer -frename-registers -Os -isystem/usr/local/openmoko/arm/arm-angstrom-linux-gnueabi/include -isystem/usr/local/openmoko/arm/include conftest.c >&5
configure:21005: $? = 0
configure:21020: result: yes
configure:21038: checking for vsnprintf
configure:21094: ccache arm-angstrom-linux-gnueabi-gcc -march=armv4t -mtune=arm920t -o conftest -isystem/usr/local/openmoko/arm/arm-angstrom-linux-gnueabi/include -isystem/usr/local/openmoko/arm/include -fexpensive-optimizations -fomit-frame-pointer -frename-registers -Os -isystem/usr/local/openmoko/arm/arm-angstrom-linux-gnueabi/include -isystem/usr/local/openmoko/arm/include -L/usr/local/openmoko/arm/arm-angstrom-linux-gnueabi/lib -L/usr/local/openmoko/arm/lib -Wl,-rpath-link,/usr/local/openmoko/arm/arm-angstrom-linux-gnueabi/lib -Wl,-rpath-link,/usr/local/openmoko/arm/lib -L/usr/local/openmoko/arm/lib -Wl,-O1 conftest.c  >&5
conftest.c:51: warning: conflicting types for built-in function 'vsnprintf'
configure:21100: $? = 0
configure:21118: result: yes
configure:21038: checking for _vsnprintf
configure:21094: ccache arm-angstrom-linux-gnueabi-gcc -march=armv4t -mtune=arm920t -o conftest -isystem/usr/local/openmoko/arm/arm-angstrom-linux-gnueabi/include -isystem/usr/local/openmoko/arm/include -fexpensive-optimizations -fomit-frame-pointer -frename-registers -Os -isystem/usr/local/openmoko/arm/arm-angstrom-linux-gnueabi/include -isystem/usr/local/openmoko/arm/include -L/usr/local/openmoko/arm/arm-angstrom-linux-gnueabi/lib -L/usr/local/openmoko/arm/lib -Wl,-rpath-link,/usr/local/openmoko/arm/arm-angstrom-linux-gnueabi/lib -Wl,-rpath-link,/usr/local/openmoko/arm/lib -L/usr/local/openmoko/arm/lib -Wl,-O1 conftest.c  >&5
/tmp/ccqOAEij.o: In function `main':
conftest.c:(.text+0x8): undefined reference to `_vsnprintf'
collect2: ld returned 1 exit status
configure:21100: $? = 1
configure: failed program was:
| /* confdefs.h.  */
| #define PACKAGE_NAME "iaxclient"
| #define PACKAGE_TARNAME "iaxclient"
| #define PACKAGE_VERSION "2.0.2"
| #define PACKAGE_STRING "iaxclient 2.0.2"
| #define PACKAGE_BUGREPORT "jpgrayson@gmail.com"
| #define PACKAGE "iaxclient"
| #define VERSION "2.0.2"
| #define _GNU_SOURCE 1
| #define STDC_HEADERS 1
| #define HAVE_SYS_TYPES_H 1
| #define HAVE_SYS_STAT_H 1
| #define HAVE_STDLIB_H 1
| #define HAVE_STRING_H 1
| #define HAVE_MEMORY_H 1
| #define HAVE_STRINGS_H 1
| #define HAVE_INTTYPES_H 1
| #define HAVE_STDINT_H 1
| #define HAVE_UNISTD_H 1
| #define HAVE_DLFCN_H 1
| #define STDC_HEADERS 1
| #define HAVE__BOOL 1
| #define HAVE_STDBOOL_H 1
| #define TIME_WITH_SYS_TIME 1
| #define HAVE_SYS_TIME_H 1
| #define HAVE_SYS_SOCKET_H 1
| #define HAVE_VSNPRINTF 1
| /* end confdefs.h.  */
| /* Define _vsnprintf to an innocuous variant, in case <limits.h> declares _vsnprintf.
|    For example, HP-UX 11i <limits.h> declares gettimeofday.  */
| #define _vsnprintf innocuous__vsnprintf
| 
| /* System header to define __stub macros and hopefully few prototypes,
|     which can conflict with char _vsnprintf (); below.
|     Prefer <limits.h> to <assert.h> if __STDC__ is defined, since
|     <limits.h> exists even on freestanding compilers.  */
| 
| #ifdef __STDC__
| # include <limits.h>
| #else
| # include <assert.h>
| #endif
| 
| #undef _vsnprintf
| 
| /* Override any GCC internal prototype to avoid an error.
|    Use char because int might match the return type of a GCC
|    builtin and then its argument prototype would still apply.  */
| #ifdef __cplusplus
| extern "C"
| #endif
| char _vsnprintf ();
| /* The GNU C library defines this for functions which it implements
|     to always fail with ENOSYS.  Some functions are actually named
|     something starting with __ and the normal name is an alias.  */
| #if defined __stub__vsnprintf || defined __stub____vsnprintf
| choke me
| #endif
| 
| int
| main ()
| {
| return _vsnprintf ();
|   ;
|   return 0;
| }
configure:21118: result: no
configure:21321: checking for the pthreads library -lpthreads
configure:21364: ccache arm-angstrom-linux-gnueabi-gcc -march=armv4t -mtune=arm920t -o conftest -isystem/usr/local/openmoko/arm/arm-angstrom-linux-gnueabi/include -isystem/usr/local/openmoko/arm/include -fexpensive-optimizations -fomit-frame-pointer -frename-registers -Os  -isystem/usr/local/openmoko/arm/arm-angstrom-linux-gnueabi/include -isystem/usr/local/openmoko/arm/include -L/usr/local/openmoko/arm/arm-angstrom-linux-gnueabi/lib -L/usr/local/openmoko/arm/lib -Wl,-rpath-link,/usr/local/openmoko/arm/arm-angstrom-linux-gnueabi/lib -Wl,-rpath-link,/usr/local/openmoko/arm/lib -L/usr/local/openmoko/arm/lib -Wl,-O1 conftest.c -lpthreads  >&5
/usr/local/openmoko/arm/lib/gcc/arm-angstrom-linux-gnueabi/4.1.2/../../../../arm-angstrom-linux-gnueabi/bin/ld: cannot find -lpthreads
collect2: ld returned 1 exit status
configure:21370: $? = 1
configure: failed program was:
| /* confdefs.h.  */
| #define PACKAGE_NAME "iaxclient"
| #define PACKAGE_TARNAME "iaxclient"
| #define PACKAGE_VERSION "2.0.2"
| #define PACKAGE_STRING "iaxclient 2.0.2"
| #define PACKAGE_BUGREPORT "jpgrayson@gmail.com"
| #define PACKAGE "iaxclient"
| #define VERSION "2.0.2"
| #define _GNU_SOURCE 1
| #define STDC_HEADERS 1
| #define HAVE_SYS_TYPES_H 1
| #define HAVE_SYS_STAT_H 1
| #define HAVE_STDLIB_H 1
| #define HAVE_STRING_H 1
| #define HAVE_MEMORY_H 1
| #define HAVE_STRINGS_H 1
| #define HAVE_INTTYPES_H 1
| #define HAVE_STDINT_H 1
| #define HAVE_UNISTD_H 1
| #define HAVE_DLFCN_H 1
| #define STDC_HEADERS 1
| #define HAVE__BOOL 1
| #define HAVE_STDBOOL_H 1
| #define TIME_WITH_SYS_TIME 1
| #define HAVE_SYS_TIME_H 1
| #define HAVE_SYS_SOCKET_H 1
| #define HAVE_VSNPRINTF 1
| /* end confdefs.h.  */
| #include <pthread.h>
| int
| main ()
| {
| pthread_t th; pthread_join(th, 0);
|                      pthread_attr_init(0); pthread_cleanup_push(0, 0);
|                      pthread_create(0,0,0,0); pthread_cleanup_pop(0);
|   ;
|   return 0;
| }
configure:21390: result: no
configure:21266: checking whether pthreads work without any flags
configure:21364: ccache arm-angstrom-linux-gnueabi-gcc -march=armv4t -mtune=arm920t -o conftest -isystem/usr/local/openmoko/arm/arm-angstrom-linux-gnueabi/include -isystem/usr/local/openmoko/arm/include -fexpensive-optimizations -fomit-frame-pointer -frename-registers -Os  -isystem/usr/local/openmoko/arm/arm-angstrom-linux-gnueabi/include -isystem/usr/local/openmoko/arm/include -L/usr/local/openmoko/arm/arm-angstrom-linux-gnueabi/lib -L/usr/local/openmoko/arm/lib -Wl,-rpath-link,/usr/local/openmoko/arm/arm-angstrom-linux-gnueabi/lib -Wl,-rpath-link,/usr/local/openmoko/arm/lib -L/usr/local/openmoko/arm/lib -Wl,-O1 conftest.c   >&5
/tmp/ccqJnRnt.o: In function `main':
conftest.c:(.text+0xc): undefined reference to `pthread_join'
conftest.c:(.text+0x50): undefined reference to `__pthread_register_cancel'
conftest.c:(.text+0x64): undefined reference to `pthread_create'
conftest.c:(.text+0x6c): undefined reference to `__pthread_unregister_cancel'
collect2: ld returned 1 exit status
configure:21370: $? = 1
configure: failed program was:
| /* confdefs.h.  */
| #define PACKAGE_NAME "iaxclient"
| #define PACKAGE_TARNAME "iaxclient"
| #define PACKAGE_VERSION "2.0.2"
| #define PACKAGE_STRING "iaxclient 2.0.2"
| #define PACKAGE_BUGREPORT "jpgrayson@gmail.com"
| #define PACKAGE "iaxclient"
| #define VERSION "2.0.2"
| #define _GNU_SOURCE 1
| #define STDC_HEADERS 1
| #define HAVE_SYS_TYPES_H 1
| #define HAVE_SYS_STAT_H 1
| #define HAVE_STDLIB_H 1
| #define HAVE_STRING_H 1
| #define HAVE_MEMORY_H 1
| #define HAVE_STRINGS_H 1
| #define HAVE_INTTYPES_H 1
| #define HAVE_STDINT_H 1
| #define HAVE_UNISTD_H 1
| #define HAVE_DLFCN_H 1
| #define STDC_HEADERS 1
| #define HAVE__BOOL 1
| #define HAVE_STDBOOL_H 1
| #define TIME_WITH_SYS_TIME 1
| #define HAVE_SYS_TIME_H 1
| #define HAVE_SYS_SOCKET_H 1
| #define HAVE_VSNPRINTF 1
| /* end confdefs.h.  */
| #include <pthread.h>
| int
| main ()
| {
| pthread_t th; pthread_join(th, 0);
|                      pthread_attr_init(0); pthread_cleanup_push(0, 0);
|                      pthread_create(0,0,0,0); pthread_cleanup_pop(0);
|   ;
|   return 0;
| }
configure:21390: result: no
configure:21271: checking whether pthreads work with -Kthread
configure:21364: ccache arm-angstrom-linux-gnueabi-gcc -march=armv4t -mtune=arm920t -o conftest -isystem/usr/local/openmoko/arm/arm-angstrom-linux-gnueabi/include -isystem/usr/local/openmoko/arm/include -fexpensive-optimizations -fomit-frame-pointer -frename-registers -Os -Kthread -isystem/usr/local/openmoko/arm/arm-angstrom-linux-gnueabi/include -isystem/usr/local/openmoko/arm/include -L/usr/local/openmoko/arm/arm-angstrom-linux-gnueabi/lib -L/usr/local/openmoko/arm/lib -Wl,-rpath-link,/usr/local/openmoko/arm/arm-angstrom-linux-gnueabi/lib -Wl,-rpath-link,/usr/local/openmoko/arm/lib -L/usr/local/openmoko/arm/lib -Wl,-O1 conftest.c   >&5
arm-angstrom-linux-gnueabi-gcc: unrecognized option '-Kthread'
/tmp/cc4G6cmF.o: In function `main':
conftest.c:(.text+0xc): undefined reference to `pthread_join'
conftest.c:(.text+0x50): undefined reference to `__pthread_register_cancel'
conftest.c:(.text+0x64): undefined reference to `pthread_create'
conftest.c:(.text+0x6c): undefined reference to `__pthread_unregister_cancel'
collect2: ld returned 1 exit status
configure:21370: $? = 1
configure: failed program was:
| /* confdefs.h.  */
| #define PACKAGE_NAME "iaxclient"
| #define PACKAGE_TARNAME "iaxclient"
| #define PACKAGE_VERSION "2.0.2"
| #define PACKAGE_STRING "iaxclient 2.0.2"
| #define PACKAGE_BUGREPORT "jpgrayson@gmail.com"
| #define PACKAGE "iaxclient"
| #define VERSION "2.0.2"
| #define _GNU_SOURCE 1
| #define STDC_HEADERS 1
| #define HAVE_SYS_TYPES_H 1
| #define HAVE_SYS_STAT_H 1
| #define HAVE_STDLIB_H 1
| #define HAVE_STRING_H 1
| #define HAVE_MEMORY_H 1
| #define HAVE_STRINGS_H 1
| #define HAVE_INTTYPES_H 1
| #define HAVE_STDINT_H 1
| #define HAVE_UNISTD_H 1
| #define HAVE_DLFCN_H 1
| #define STDC_HEADERS 1
| #define HAVE__BOOL 1
| #define HAVE_STDBOOL_H 1
| #define TIME_WITH_SYS_TIME 1
| #define HAVE_SYS_TIME_H 1
| #define HAVE_SYS_SOCKET_H 1
| #define HAVE_VSNPRINTF 1
| /* end confdefs.h.  */
| #include <pthread.h>
| int
| main ()
| {
| pthread_t th; pthread_join(th, 0);
|                      pthread_attr_init(0); pthread_cleanup_push(0, 0);
|                      pthread_create(0,0,0,0); pthread_cleanup_pop(0);
|   ;
|   return 0;
| }
configure:21390: result: no
configure:21271: checking whether pthreads work with -kthread
configure:21364: ccache arm-angstrom-linux-gnueabi-gcc -march=armv4t -mtune=arm920t -o conftest -isystem/usr/local/openmoko/arm/arm-angstrom-linux-gnueabi/include -isystem/usr/local/openmoko/arm/include -fexpensive-optimizations -fomit-frame-pointer -frename-registers -Os -kthread -isystem/usr/local/openmoko/arm/arm-angstrom-linux-gnueabi/include -isystem/usr/local/openmoko/arm/include -L/usr/local/openmoko/arm/arm-angstrom-linux-gnueabi/lib -L/usr/local/openmoko/arm/lib -Wl,-rpath-link,/usr/local/openmoko/arm/arm-angstrom-linux-gnueabi/lib -Wl,-rpath-link,/usr/local/openmoko/arm/lib -L/usr/local/openmoko/arm/lib -Wl,-O1 conftest.c   >&5
arm-angstrom-linux-gnueabi-gcc: unrecognized option '-kthread'
/tmp/cceZPWvY.o: In function `main':
conftest.c:(.text+0xc): undefined reference to `pthread_join'
conftest.c:(.text+0x50): undefined reference to `__pthread_register_cancel'
conftest.c:(.text+0x64): undefined reference to `pthread_create'
conftest.c:(.text+0x6c): undefined reference to `__pthread_unregister_cancel'
collect2: ld returned 1 exit status
configure:21370: $? = 1
configure: failed program was:
| /* confdefs.h.  */
| #define PACKAGE_NAME "iaxclient"
| #define PACKAGE_TARNAME "iaxclient"
| #define PACKAGE_VERSION "2.0.2"
| #define PACKAGE_STRING "iaxclient 2.0.2"
| #define PACKAGE_BUGREPORT "jpgrayson@gmail.com"
| #define PACKAGE "iaxclient"
| #define VERSION "2.0.2"
| #define _GNU_SOURCE 1
| #define STDC_HEADERS 1
| #define HAVE_SYS_TYPES_H 1
| #define HAVE_SYS_STAT_H 1
| #define HAVE_STDLIB_H 1
| #define HAVE_STRING_H 1
| #define HAVE_MEMORY_H 1
| #define HAVE_STRINGS_H 1
| #define HAVE_INTTYPES_H 1
| #define HAVE_STDINT_H 1
| #define HAVE_UNISTD_H 1
| #define HAVE_DLFCN_H 1
| #define STDC_HEADERS 1
| #define HAVE__BOOL 1
| #define HAVE_STDBOOL_H 1
| #define TIME_WITH_SYS_TIME 1
| #define HAVE_SYS_TIME_H 1
| #define HAVE_SYS_SOCKET_H 1
| #define HAVE_VSNPRINTF 1
| /* end confdefs.h.  */
| #include <pthread.h>
| int
| main ()
| {
| pthread_t th; pthread_join(th, 0);
|                      pthread_attr_init(0); pthread_cleanup_push(0, 0);
|                      pthread_create(0,0,0,0); pthread_cleanup_pop(0);
|   ;
|   return 0;
| }
configure:21390: result: no
configure:21321: checking for the pthreads library -llthread
configure:21364: ccache arm-angstrom-linux-gnueabi-gcc -march=armv4t -mtune=arm920t -o conftest -isystem/usr/local/openmoko/arm/arm-angstrom-linux-gnueabi/include -isystem/usr/local/openmoko/arm/include -fexpensive-optimizations -fomit-frame-pointer -frename-registers -Os  -isystem/usr/local/openmoko/arm/arm-angstrom-linux-gnueabi/include -isystem/usr/local/openmoko/arm/include -L/usr/local/openmoko/arm/arm-angstrom-linux-gnueabi/lib -L/usr/local/openmoko/arm/lib -Wl,-rpath-link,/usr/local/openmoko/arm/arm-angstrom-linux-gnueabi/lib -Wl,-rpath-link,/usr/local/openmoko/arm/lib -L/usr/local/openmoko/arm/lib -Wl,-O1 conftest.c -llthread  >&5
/usr/local/openmoko/arm/lib/gcc/arm-angstrom-linux-gnueabi/4.1.2/../../../../arm-angstrom-linux-gnueabi/bin/ld: cannot find -llthread
collect2: ld returned 1 exit status
configure:21370: $? = 1
configure: failed program was:
| /* confdefs.h.  */
| #define PACKAGE_NAME "iaxclient"
| #define PACKAGE_TARNAME "iaxclient"
| #define PACKAGE_VERSION "2.0.2"
| #define PACKAGE_STRING "iaxclient 2.0.2"
| #define PACKAGE_BUGREPORT "jpgrayson@gmail.com"
| #define PACKAGE "iaxclient"
| #define VERSION "2.0.2"
| #define _GNU_SOURCE 1
| #define STDC_HEADERS 1
| #define HAVE_SYS_TYPES_H 1
| #define HAVE_SYS_STAT_H 1
| #define HAVE_STDLIB_H 1
| #define HAVE_STRING_H 1
| #define HAVE_MEMORY_H 1
| #define HAVE_STRINGS_H 1
| #define HAVE_INTTYPES_H 1
| #define HAVE_STDINT_H 1
| #define HAVE_UNISTD_H 1
| #define HAVE_DLFCN_H 1
| #define STDC_HEADERS 1
| #define HAVE__BOOL 1
| #define HAVE_STDBOOL_H 1
| #define TIME_WITH_SYS_TIME 1
| #define HAVE_SYS_TIME_H 1
| #define HAVE_SYS_SOCKET_H 1
| #define HAVE_VSNPRINTF 1
| /* end confdefs.h.  */
| #include <pthread.h>
| int
| main ()
| {
| pthread_t th; pthread_join(th, 0);
|                      pthread_attr_init(0); pthread_cleanup_push(0, 0);
|                      pthread_create(0,0,0,0); pthread_cleanup_pop(0);
|   ;
|   return 0;
| }
configure:21390: result: no
configure:21271: checking whether pthreads work with -pthread
configure:21364: ccache arm-angstrom-linux-gnueabi-gcc -march=armv4t -mtune=arm920t -o conftest -isystem/usr/local/openmoko/arm/arm-angstrom-linux-gnueabi/include -isystem/usr/local/openmoko/arm/include -fexpensive-optimizations -fomit-frame-pointer -frename-registers -Os -pthread -isystem/usr/local/openmoko/arm/arm-angstrom-linux-gnueabi/include -isystem/usr/local/openmoko/arm/include -L/usr/local/openmoko/arm/arm-angstrom-linux-gnueabi/lib -L/usr/local/openmoko/arm/lib -Wl,-rpath-link,/usr/local/openmoko/arm/arm-angstrom-linux-gnueabi/lib -Wl,-rpath-link,/usr/local/openmoko/arm/lib -L/usr/local/openmoko/arm/lib -Wl,-O1 conftest.c   >&5
configure:21370: $? = 0
configure:21390: result: yes
configure:21409: checking for joinable pthread attribute
configure:21434: ccache arm-angstrom-linux-gnueabi-gcc -march=armv4t -mtune=arm920t -o conftest -isystem/usr/local/openmoko/arm/arm-angstrom-linux-gnueabi/include -isystem/usr/local/openmoko/arm/include -fexpensive-optimizations -fomit-frame-pointer -frename-registers -Os -pthread -isystem/usr/local/openmoko/arm/arm-angstrom-linux-gnueabi/include -isystem/usr/local/openmoko/arm/include -L/usr/local/openmoko/arm/arm-angstrom-linux-gnueabi/lib -L/usr/local/openmoko/arm/lib -Wl,-rpath-link,/usr/local/openmoko/arm/arm-angstrom-linux-gnueabi/lib -Wl,-rpath-link,/usr/local/openmoko/arm/lib -L/usr/local/openmoko/arm/lib -Wl,-O1 conftest.c   >&5
configure:21440: $? = 0
configure:21457: result: PTHREAD_CREATE_JOINABLE
configure:21467: checking if more special flags are required for pthreads
configure:21474: result: no
configure:21537: checking whether to check for GCC pthread/shared inconsistencies
configure:21547: result: yes
configure:21573: checking whether -pthread is sufficient with -shared
configure:21598: ccache arm-angstrom-linux-gnueabi-gcc -march=armv4t -mtune=arm920t -o conftest -shared -fPIC -Wl,-z,defs -isystem/usr/local/openmoko/arm/arm-angstrom-linux-gnueabi/include -isystem/usr/local/openmoko/arm/include -fexpensive-optimizations -fomit-frame-pointer -frename-registers -Os -pthread -isystem/usr/local/openmoko/arm/arm-angstrom-linux-gnueabi/include -isystem/usr/local/openmoko/arm/include -L/usr/local/openmoko/arm/arm-angstrom-linux-gnueabi/lib -L/usr/local/openmoko/arm/lib -Wl,-rpath-link,/usr/local/openmoko/arm/arm-angstrom-linux-gnueabi/lib -Wl,-rpath-link,/usr/local/openmoko/arm/lib -L/usr/local/openmoko/arm/lib -Wl,-O1 conftest.c   >&5
configure:21604: $? = 0
configure:21622: result: yes
configure:21797: checking for pkg-config
configure:21813: found /usr/bin/pkg-config
configure:21825: result: yes
configure:21846: checking for arm-angstrom-linux-gnueabi-pkg-config
configure:21879: result: no
configure:21889: checking for pkg-config
configure:21907: found /usr/bin/pkg-config
configure:21919: result: /usr/bin/pkg-config
configure:21933: WARNING: In the future, Autoconf will not detect cross-tools
whose name does not start with the host triplet.  If you think this
configuration is useful to you, please write to autoconf@gnu.org.
configure:21948: checking pkg-config is at least version 0.9.0
configure:21951: result: yes
configure:21963: checking for wish
configure:21981: found /usr/bin/wish
configure:21993: result: /usr/bin/wish
configure:22063: checking for iLBC reference sources in lib/iLBC
configure:22070: result: no
configure:22179: checking for PORTAUDIO
configure:22187: $PKG_CONFIG --exists --print-errors "portaudio-2.0 >= 19"
configure:22190: $? = 0
configure:22205: $PKG_CONFIG --exists --print-errors "portaudio-2.0 >= 19"
configure:22208: $? = 0
configure:22264: result: yes
configure:22333: checking for gsm
configure:22392: result: yes
configure:22469: checking for OGG
configure:22477: $PKG_CONFIG --exists --print-errors "ogg >= 1.1.3"
configure:22480: $? = 0
configure:22495: $PKG_CONFIG --exists --print-errors "ogg >= 1.1.3"
configure:22498: $? = 0
configure:22554: result: yes
configure:22561: checking for SPEEX
configure:22569: $PKG_CONFIG --exists --print-errors "speex >= 1.1.12"
configure:22572: $? = 0
configure:22646: result: yes
configure:22653: checking for THEORA
configure:22661: $PKG_CONFIG --exists --print-errors "theora >= 1.0alpha7"
configure:22664: $? = 0
configure:22738: result: yes
configure:22745: checking for SDL
configure:22753: $PKG_CONFIG --exists --print-errors "sdl >= 1.2"
Package sdl was not found in the pkg-config search path.
Perhaps you should add the directory containing `sdl.pc'
to the PKG_CONFIG_PATH environment variable
No package 'sdl' found
configure:22756: $? = 1
configure:22771: $PKG_CONFIG --exists --print-errors "sdl >= 1.2"
Package sdl was not found in the pkg-config search path.
Perhaps you should add the directory containing `sdl.pc'
to the PKG_CONFIG_PATH environment variable
No package 'sdl' found
configure:22774: $? = 1
No package 'sdl' found
configure:22802: result: no
configure:22816: checking for GTK
configure:22824: $PKG_CONFIG --exists --print-errors "gtk+-2.0 >= 2.0"
configure:22827: $? = 0
configure:22842: $PKG_CONFIG --exists --print-errors "gtk+-2.0 >= 2.0"
configure:22845: $? = 0
configure:22881: result: yes
configure:22887: checking for GDK2
configure:22895: $PKG_CONFIG --exists --print-errors "gdk-2.0 >= 2.0.0"
configure:22898: $? = 0
configure:22913: $PKG_CONFIG --exists --print-errors "gdk-2.0 >= 2.0.0"
configure:22916: $? = 0
configure:22952: result: yes
configure:22958: checking for ALSA
configure:22984: $PKG_CONFIG --exists --print-errors "alsa >= 1.0"
configure:22987: $? = 0
configure:23023: result: yes
configure:23363: checking for wx-config
configure:23395: result: no
configure:23773: checking for wx-config
configure:23805: result: no
configure:23976: checking for wxrc
configure:24006: result: not found
configure:24618: creating ./config.status

## ---------------------- ##
## Running config.status. ##
## ---------------------- ##

This file was extended by iaxclient config.status 2.0.2, which was
generated by GNU Autoconf 2.61.  Invocation command line was

  CONFIG_FILES    = 
  CONFIG_HEADERS  = 
  CONFIG_LINKS    = 
  CONFIG_COMMANDS = 
  $ ./config.status 

on kruz

config.status:737: creating Makefile
config.status:737: creating lib/Makefile
config.status:737: creating simpleclient/Makefile
config.status:737: creating iaxclient.pc
config.status:737: creating simpleclient/testcall/Makefile
config.status:737: creating simpleclient/vtestcall/Makefile
config.status:737: creating simpleclient/iaxcomm/Makefile
config.status:737: creating simpleclient/iaxphone/Makefile
config.status:737: creating simpleclient/WinIAX/Makefile
config.status:737: creating simpleclient/wx/Makefile
config.status:737: creating config.h
config.status:1023: executing depfiles commands
configure:25967: Configured clients:  testcall

## ---------------- ##
## Cache variables. ##
## ---------------- ##

ac_cv_build=i686-pc-linux-gnu
ac_cv_c_compiler_gnu=yes
ac_cv_c_const=yes
ac_cv_c_inline=inline
ac_cv_c_volatile=yes
ac_cv_cxx_compiler_gnu=yes
ac_cv_env_ALSA_CFLAGS_set=set
ac_cv_env_ALSA_CFLAGS_value=-I/usr/local/openmoko/arm/include/alsa
ac_cv_env_ALSA_LIBS_set=
ac_cv_env_ALSA_LIBS_value=
ac_cv_env_CCC_set=
ac_cv_env_CCC_value=
ac_cv_env_CC_set=set
ac_cv_env_CC_value='ccache arm-angstrom-linux-gnueabi-gcc -march=armv4t -mtune=arm920t'
ac_cv_env_CFLAGS_set=set
ac_cv_env_CFLAGS_value='-isystem/usr/local/openmoko/arm/arm-angstrom-linux-gnueabi/include -isystem/usr/local/openmoko/arm/include -fexpensive-optimizations -fomit-frame-pointer -frename-registers -Os'
ac_cv_env_CPPFLAGS_set=set
ac_cv_env_CPPFLAGS_value='-isystem/usr/local/openmoko/arm/arm-angstrom-linux-gnueabi/include -isystem/usr/local/openmoko/arm/include'
ac_cv_env_CPP_set=set
ac_cv_env_CPP_value='arm-angstrom-linux-gnueabi-gcc -E'
ac_cv_env_CXXCPP_set=
ac_cv_env_CXXCPP_value=
ac_cv_env_CXXFLAGS_set=set
ac_cv_env_CXXFLAGS_value='-isystem/usr/local/openmoko/arm/arm-angstrom-linux-gnueabi/include -isystem/usr/local/openmoko/arm/include -fexpensive-optimizations -fomit-frame-pointer -frename-registers -Os -fpermissive -fvisibility-inlines-hidden'
ac_cv_env_CXX_set=set
ac_cv_env_CXX_value='ccache arm-angstrom-linux-gnueabi-g++ -march=armv4t -mtune=arm920t'
ac_cv_env_F77_set=set
ac_cv_env_F77_value='ccache arm-angstrom-linux-gnueabi-g77 -march=armv4t -mtune=arm920t'
ac_cv_env_FFLAGS_set=
ac_cv_env_FFLAGS_value=
ac_cv_env_GDK2_CFLAGS_set=
ac_cv_env_GDK2_CFLAGS_value=
ac_cv_env_GDK2_LIBS_set=
ac_cv_env_GDK2_LIBS_value=
ac_cv_env_GTK_CFLAGS_set=
ac_cv_env_GTK_CFLAGS_value=
ac_cv_env_GTK_LIBS_set=
ac_cv_env_GTK_LIBS_value=
ac_cv_env_LDFLAGS_set=set
ac_cv_env_LDFLAGS_value='-L/usr/local/openmoko/arm/arm-angstrom-linux-gnueabi/lib -L/usr/local/openmoko/arm/lib -Wl,-rpath-link,/usr/local/openmoko/arm/arm-angstrom-linux-gnueabi/lib -Wl,-rpath-link,/usr/local/openmoko/arm/lib -L/usr/local/openmoko/arm/lib -Wl,-O1'
ac_cv_env_LIBS_set=
ac_cv_env_LIBS_value=
ac_cv_env_OGG_CFLAGS_set=
ac_cv_env_OGG_CFLAGS_value=
ac_cv_env_OGG_LIBS_set=
ac_cv_env_OGG_LIBS_value=
ac_cv_env_PKG_CONFIG_set=
ac_cv_env_PKG_CONFIG_value=
ac_cv_env_PORTAUDIO_CFLAGS_set=
ac_cv_env_PORTAUDIO_CFLAGS_value=
ac_cv_env_PORTAUDIO_LIBS_set=
ac_cv_env_PORTAUDIO_LIBS_value=
ac_cv_env_SDL_CFLAGS_set=
ac_cv_env_SDL_CFLAGS_value=
ac_cv_env_SDL_LIBS_set=
ac_cv_env_SDL_LIBS_value=
ac_cv_env_SPEEX_CFLAGS_set=
ac_cv_env_SPEEX_CFLAGS_value=
ac_cv_env_SPEEX_LIBS_set=set
ac_cv_env_SPEEX_LIBS_value='-lspeex -lspeexdsp'
ac_cv_env_THEORA_CFLAGS_set=
ac_cv_env_THEORA_CFLAGS_value=
ac_cv_env_THEORA_LIBS_set=set
ac_cv_env_THEORA_LIBS_value=-ltheora
ac_cv_env_WXRC_set=
ac_cv_env_WXRC_value=
ac_cv_env_build_alias_set=
ac_cv_env_build_alias_value=
ac_cv_env_host_alias_set=set
ac_cv_env_host_alias_value=arm-angstrom-linux-gnueabi
ac_cv_env_target_alias_set=
ac_cv_env_target_alias_value=
ac_cv_f77_compiler_gnu=no
ac_cv_func__vsnprintf=no
ac_cv_func_vsnprintf=yes
ac_cv_header_dlfcn_h=yes
ac_cv_header_inttypes_h=yes
ac_cv_header_memory_h=yes
ac_cv_header_stdbool_h=yes
ac_cv_header_stdc=yes
ac_cv_header_stdint_h=yes
ac_cv_header_stdlib_h=yes
ac_cv_header_string_h=yes
ac_cv_header_strings_h=yes
ac_cv_header_sys_socket_h=yes
ac_cv_header_sys_stat_h=yes
ac_cv_header_sys_time_h=yes
ac_cv_header_sys_types_h=yes
ac_cv_header_time=yes
ac_cv_header_unistd_h=yes
ac_cv_header_varargs_h=no
ac_cv_host=arm-angstrom-linux-gnueabi
ac_cv_objext=o
ac_cv_path_EGREP='/bin/grep -E'
ac_cv_path_GREP=/bin/grep
ac_cv_path_WISH=/usr/bin/wish
ac_cv_path_WX_CONFIG_PATH=no
ac_cv_path_ac_pt_PKG_CONFIG=/usr/bin/pkg-config
ac_cv_path_install='/usr/bin/install -c'
ac_cv_path_mkdir=/bin/mkdir
ac_cv_prog_AR=arm-angstrom-linux-gnueabi-ar
ac_cv_prog_AWK=gawk
ac_cv_prog_CC='ccache arm-angstrom-linux-gnueabi-gcc -march=armv4t -mtune=arm920t'
ac_cv_prog_CPP='arm-angstrom-linux-gnueabi-gcc -E'
ac_cv_prog_CXXCPP='ccache arm-angstrom-linux-gnueabi-g++ -march=armv4t -mtune=arm920t -E'
ac_cv_prog_F77='ccache arm-angstrom-linux-gnueabi-g77 -march=armv4t -mtune=arm920t'
ac_cv_prog_RANLIB=arm-angstrom-linux-gnueabi-ranlib
ac_cv_prog_STRIP=arm-angstrom-linux-gnueabi-strip
ac_cv_prog_cc_c89=
ac_cv_prog_cc_ccache_c_o=yes
ac_cv_prog_cc_g=yes
ac_cv_prog_cxx_g=yes
ac_cv_prog_f77_g=no
ac_cv_prog_gcc_traditional=no
ac_cv_prog_have_pkg_config=yes
ac_cv_prog_make_make_set=yes
ac_cv_type__Bool=yes
ac_cv_type_pid_t=yes
ac_cv_type_size_t=yes
am_cv_CC_dependencies_compiler_type=gcc3
am_cv_CXX_dependencies_compiler_type=gcc3
lt_cv_deplibs_check_method=pass_all
lt_cv_file_magic_cmd='$MAGIC_CMD'
lt_cv_file_magic_test_file=
lt_cv_ld_reload_flag=-r
lt_cv_objdir=.libs
lt_cv_path_LD=arm-angstrom-linux-gnueabi-ld
lt_cv_path_LDCXX=arm-angstrom-linux-gnueabi-ld
lt_cv_path_NM='/usr/local/openmoko/arm/bin/arm-angstrom-linux-gnueabi-nm -B'
lt_cv_path_SED=/bin/sed
lt_cv_prog_compiler_c_o=yes
lt_cv_prog_compiler_c_o_CXX=yes
lt_cv_prog_compiler_c_o_F77=no
lt_cv_prog_compiler_rtti_exceptions=no
lt_cv_prog_gnu_ld=yes
lt_cv_prog_gnu_ldcxx=yes
lt_cv_sys_global_symbol_pipe='sed -n -e '\''s/^.*[ 	]\([ABCDGIRSTW][ABCDGIRSTW]*\)[ 	][ 	]*\([_A-Za-z][_A-Za-z0-9]*\)$/\1 \2 \2/p'\'''
lt_cv_sys_global_symbol_to_c_name_address='sed -n -e '\''s/^: \([^ ]*\) $/  {\"\1\", (lt_ptr) 0},/p'\'' -e '\''s/^[BCDEGRST] \([^ ]*\) \([^ ]*\)$/  {"\2", (lt_ptr) \&\2},/p'\'''
lt_cv_sys_global_symbol_to_cdecl='sed -n -e '\''s/^. .* \(.*\)$/extern int \1;/p'\'''
lt_cv_sys_max_cmd_len=98304
lt_lt_cv_prog_compiler_c_o='"yes"'
lt_lt_cv_prog_compiler_c_o_CXX='"yes"'
lt_lt_cv_prog_compiler_c_o_F77='"no"'
lt_lt_cv_sys_global_symbol_pipe='"sed -n -e '\''s/^.*[ 	]\\([ABCDGIRSTW][ABCDGIRSTW]*\\)[ 	][ 	]*\\([_A-Za-z][_A-Za-z0-9]*\\)\$/\\1 \\2 \\2/p'\''"'
lt_lt_cv_sys_global_symbol_to_c_name_address='"sed -n -e '\''s/^: \\([^ ]*\\) \$/  {\\\"\\1\\\", (lt_ptr) 0},/p'\'' -e '\''s/^[BCDEGRST] \\([^ ]*\\) \\([^ ]*\\)\$/  {\"\\2\", (lt_ptr) \\&\\2},/p'\''"'
lt_lt_cv_sys_global_symbol_to_cdecl='"sed -n -e '\''s/^. .* \\(.*\\)\$/extern int \\1;/p'\''"'
pkg_cv_ALSA_CFLAGS=-I/usr/local/openmoko/arm/include/alsa
pkg_cv_ALSA_LIBS='-lasound  '
pkg_cv_GDK2_CFLAGS='-I/usr/local/openmoko/arm/arm-angstrom-linux-gnueabi/include/gtk-2.0 -I/usr/local/openmoko/arm/arm-angstrom-linux-gnueabi/lib/gtk-2.0/include -I/usr/local/openmoko/arm/arm-angstrom-linux-gnueabi/include/pango-1.0 -I/usr/local/openmoko/arm/arm-angstrom-linux-gnueabi/include/glib-2.0 -I/usr/local/openmoko/arm/arm-angstrom-linux-gnueabi/lib/glib-2.0/include -I/usr/local/openmoko/arm/arm-angstrom-linux-gnueabi/include/cairo -I/usr/local/openmoko/arm/arm-angstrom-linux-gnueabi/include/freetype2 -I/usr/local/openmoko/arm/arm-angstrom-linux-gnueabi/include -I/usr/local/openmoko/arm/arm-angstrom-linux-gnueabi/include/libpng12  '
pkg_cv_GDK2_LIBS='-L/usr/local/openmoko/arm/arm-angstrom-linux-gnueabi/lib -lgdk-x11-2.0 -lgdk_pixbuf-2.0 -lm -lpangocairo-1.0 -lpango-1.0 -lcairo -lgobject-2.0 -lgmodule-2.0 -ldl -lglib-2.0  '
pkg_cv_GTK_CFLAGS='-I/usr/local/openmoko/arm/arm-angstrom-linux-gnueabi/include/gtk-2.0 -I/usr/local/openmoko/arm/arm-angstrom-linux-gnueabi/lib/gtk-2.0/include -I/usr/local/openmoko/arm/arm-angstrom-linux-gnueabi/include/atk-1.0 -I/usr/local/openmoko/arm/arm-angstrom-linux-gnueabi/include/cairo -I/usr/local/openmoko/arm/arm-angstrom-linux-gnueabi/include/pango-1.0 -I/usr/local/openmoko/arm/arm-angstrom-linux-gnueabi/include/glib-2.0 -I/usr/local/openmoko/arm/arm-angstrom-linux-gnueabi/lib/glib-2.0/include -I/usr/local/openmoko/arm/arm-angstrom-linux-gnueabi/include/freetype2 -I/usr/local/openmoko/arm/arm-angstrom-linux-gnueabi/include -I/usr/local/openmoko/arm/arm-angstrom-linux-gnueabi/include/libpng12  '
pkg_cv_GTK_LIBS='-L/usr/local/openmoko/arm/arm-angstrom-linux-gnueabi/lib -lgtk-x11-2.0 -lgdk-x11-2.0 -latk-1.0 -lgdk_pixbuf-2.0 -lm -lpangocairo-1.0 -lpango-1.0 -lcairo -lgobject-2.0 -lgmodule-2.0 -ldl -lglib-2.0  '
pkg_cv_OGG_CFLAGS=' '
pkg_cv_OGG_LIBS='-logg  '
pkg_cv_PORTAUDIO_CFLAGS='-pthread  '
pkg_cv_PORTAUDIO_LIBS='-lportaudio -lm -lpthread  '
pkg_cv_SPEEX_CFLAGS=' '
pkg_cv_SPEEX_LIBS='-lspeex -lspeexdsp'
pkg_cv_THEORA_CFLAGS=' '
pkg_cv_THEORA_LIBS=-ltheora

## ----------------- ##
## Output variables. ##
## ----------------- ##

ACLOCAL='${SHELL} /home/kruz/src/mokoiax/trunk/iaxclient/missing --run aclocal-1.10'
ALSA_CFLAGS='-I/usr/local/openmoko/arm/include/alsa'
ALSA_LIBS='-lasound  '
AMDEPBACKSLASH='\'
AMDEP_FALSE='#'
AMDEP_TRUE=''
AMTAR='${SHELL} /home/kruz/src/mokoiax/trunk/iaxclient/missing --run tar'
AR='arm-angstrom-linux-gnueabi-ar'
AS='arm-angstrom-linux-gnueabi-as'
AUTOCONF='${SHELL} /home/kruz/src/mokoiax/trunk/iaxclient/missing --run autoconf'
AUTOHEADER='${SHELL} /home/kruz/src/mokoiax/trunk/iaxclient/missing --run autoheader'
AUTOMAKE='${SHELL} /home/kruz/src/mokoiax/trunk/iaxclient/missing --run automake-1.10'
AWK='gawk'
CC='ccache arm-angstrom-linux-gnueabi-gcc -march=armv4t -mtune=arm920t'
CCDEPMODE='depmode=gcc3'
CFLAGS='-isystem/usr/local/openmoko/arm/arm-angstrom-linux-gnueabi/include -isystem/usr/local/openmoko/arm/include -fexpensive-optimizations -fomit-frame-pointer -frename-registers -Os'
CLIENTS=' testcall'
CPP='arm-angstrom-linux-gnueabi-gcc -E'
CPPFLAGS='-isystem/usr/local/openmoko/arm/arm-angstrom-linux-gnueabi/include -isystem/usr/local/openmoko/arm/include'
CXX='ccache arm-angstrom-linux-gnueabi-g++ -march=armv4t -mtune=arm920t'
CXXCPP='ccache arm-angstrom-linux-gnueabi-g++ -march=armv4t -mtune=arm920t -E'
CXXDEPMODE='depmode=gcc3'
CXXFLAGS='-isystem/usr/local/openmoko/arm/arm-angstrom-linux-gnueabi/include -isystem/usr/local/openmoko/arm/include -fexpensive-optimizations -fomit-frame-pointer -frename-registers -Os -fpermissive -fvisibility-inlines-hidden'
CYGPATH_W='echo'
DEFS='-DHAVE_CONFIG_H'
DEPDIR='.deps'
DLLTOOL='dlltool'
ECHO='echo'
ECHO_C=''
ECHO_N='-n'
ECHO_T=''
EGREP='/bin/grep -E'
EXEEXT=''
F77='ccache arm-angstrom-linux-gnueabi-g77 -march=armv4t -mtune=arm920t'
FFLAGS=''
GDK2_CFLAGS='-I/usr/local/openmoko/arm/arm-angstrom-linux-gnueabi/include/gtk-2.0 -I/usr/local/openmoko/arm/arm-angstrom-linux-gnueabi/lib/gtk-2.0/include -I/usr/local/openmoko/arm/arm-angstrom-linux-gnueabi/include/pango-1.0 -I/usr/local/openmoko/arm/arm-angstrom-linux-gnueabi/include/glib-2.0 -I/usr/local/openmoko/arm/arm-angstrom-linux-gnueabi/lib/glib-2.0/include -I/usr/local/openmoko/arm/arm-angstrom-linux-gnueabi/include/cairo -I/usr/local/openmoko/arm/arm-angstrom-linux-gnueabi/include/freetype2 -I/usr/local/openmoko/arm/arm-angstrom-linux-gnueabi/include -I/usr/local/openmoko/arm/arm-angstrom-linux-gnueabi/include/libpng12  '
GDK2_LIBS='-L/usr/local/openmoko/arm/arm-angstrom-linux-gnueabi/lib -lgdk-x11-2.0 -lgdk_pixbuf-2.0 -lm -lpangocairo-1.0 -lpango-1.0 -lcairo -lgobject-2.0 -lgmodule-2.0 -ldl -lglib-2.0  '
GREP='/bin/grep'
GSM_CFLAGS='-I/usr/local/openmoko/arm/include'
GSM_LIBS='-L/usr/local/openmoko/arm/lib -lgsm'
GTK_CFLAGS='-I/usr/local/openmoko/arm/arm-angstrom-linux-gnueabi/include/gtk-2.0 -I/usr/local/openmoko/arm/arm-angstrom-linux-gnueabi/lib/gtk-2.0/include -I/usr/local/openmoko/arm/arm-angstrom-linux-gnueabi/include/atk-1.0 -I/usr/local/openmoko/arm/arm-angstrom-linux-gnueabi/include/cairo -I/usr/local/openmoko/arm/arm-angstrom-linux-gnueabi/include/pango-1.0 -I/usr/local/openmoko/arm/arm-angstrom-linux-gnueabi/include/glib-2.0 -I/usr/local/openmoko/arm/arm-angstrom-linux-gnueabi/lib/glib-2.0/include -I/usr/local/openmoko/arm/arm-angstrom-linux-gnueabi/include/freetype2 -I/usr/local/openmoko/arm/arm-angstrom-linux-gnueabi/include -I/usr/local/openmoko/arm/arm-angstrom-linux-gnueabi/include/libpng12  '
GTK_LIBS='-L/usr/local/openmoko/arm/arm-angstrom-linux-gnueabi/lib -lgtk-x11-2.0 -lgdk-x11-2.0 -latk-1.0 -lgdk_pixbuf-2.0 -lm -lpangocairo-1.0 -lpango-1.0 -lcairo -lgobject-2.0 -lgmodule-2.0 -ldl -lglib-2.0  '
IAX2_CFLAGS='-I$(top_srcdir)/lib/libiax2/src -DLIBIAX'
IAX2_CONFIG=''
IAX2_LIBS=''
IAXC_LT_AGE='0'
IAXC_LT_CURRENT='1'
IAXC_LT_REVISION='0'
INSTALL_DATA='${INSTALL} -m 644'
INSTALL_PROGRAM='${INSTALL}'
INSTALL_SCRIPT='${INSTALL}'
INSTALL_STRIP_PROGRAM='$(install_sh) -c -s'
LDFLAGS='-L/usr/local/openmoko/arm/arm-angstrom-linux-gnueabi/lib -L/usr/local/openmoko/arm/lib -Wl,-rpath-link,/usr/local/openmoko/arm/arm-angstrom-linux-gnueabi/lib -Wl,-rpath-link,/usr/local/openmoko/arm/lib -L/usr/local/openmoko/arm/lib -Wl,-O1'
LIBOBJS=''
LIBS=''
LIBTOOL='$(SHELL) $(top_builddir)/libtool'
LINUX_FALSE='#'
LINUX_TRUE=''
LN_S='ln -s'
LTLIBOBJS=''
MACOSX_FALSE=''
MACOSX_TRUE='#'
MAINT='#'
MAINTAINER_MODE_FALSE=''
MAINTAINER_MODE_TRUE='#'
MAKEINFO='${SHELL} /home/kruz/src/mokoiax/trunk/iaxclient/missing --run makeinfo'
OBJDUMP='arm-angstrom-linux-gnueabi-objdump'
OBJEXT='o'
OGG_CFLAGS=' '
OGG_LIBS='-logg  '
OSTYPE='LINUX'
PACKAGE='iaxclient'
PACKAGE_BUGREPORT='jpgrayson@gmail.com'
PACKAGE_NAME='iaxclient'
PACKAGE_STRING='iaxclient 2.0.2'
PACKAGE_TARNAME='iaxclient'
PACKAGE_VERSION='2.0.2'
PATH_SEPARATOR=':'
PKG_CONFIG='/usr/bin/pkg-config'
PORTAUDIO_CFLAGS='-pthread  '
PORTAUDIO_LIBS='-lportaudio -lm -lpthread  '
PTHREAD_CC='ccache arm-angstrom-linux-gnueabi-gcc -march=armv4t -mtune=arm920t'
PTHREAD_CFLAGS='-pthread'
PTHREAD_LIBS=''
RANLIB='arm-angstrom-linux-gnueabi-ranlib'
SDL_CFLAGS=''
SDL_LIBS=''
SED='/bin/sed'
SET_MAKE=''
SHELL='/bin/sh'
SPAN_EC_FALSE=''
SPAN_EC_TRUE='#'
SPEEX_CFLAGS=' '
SPEEX_LIBS='-lspeex -lspeexdsp'
STRIP='arm-angstrom-linux-gnueabi-strip'
THEORA_CFLAGS=' '
THEORA_LIBS='-ltheora'
USE_CODEC_GSM_FALSE='#'
USE_CODEC_GSM_TRUE=''
USE_LOCAL_GSM_FALSE=''
USE_LOCAL_GSM_TRUE='#'
USE_LOCAL_IAX2_FALSE='#'
USE_LOCAL_IAX2_TRUE=''
USE_LOCAL_ILBC_FALSE=''
USE_LOCAL_ILBC_TRUE='#'
VERSION='2.0.2'
WIN32_FALSE=''
WIN32_TRUE='#'
WISH='/usr/bin/wish'
WXRC=''
WX_CFLAGS=''
WX_CFLAGS_ONLY=''
WX_CONFIG_PATH='no'
WX_CPPFLAGS=''
WX_CXXFLAGS=''
WX_CXXFLAGS_ONLY=''
WX_LIBS=''
WX_LIBS_STATIC=''
WX_VERSION=''
WX_XRC_LIBS=''
ac_ct_CC=''
ac_ct_CXX=''
ac_ct_F77=''
acx_pthread_config=''
am__fastdepCC_FALSE='#'
am__fastdepCC_TRUE=''
am__fastdepCXX_FALSE='#'
am__fastdepCXX_TRUE=''
am__include='include'
am__isrc=''
am__leading_dot='.'
am__quote=''
am__tar='${AMTAR} chof - "$$tardir"'
am__untar='${AMTAR} xf -'
bindir='${exec_prefix}/bin'
build='i686-pc-linux-gnu'
build_alias=''
build_cpu='i686'
build_os='linux-gnu'
build_vendor='pc'
datadir='${datarootdir}'
datarootdir='${prefix}/share'
docdir='${datarootdir}/doc/${PACKAGE_TARNAME}'
dvidir='${docdir}'
exec_prefix='${prefix}'
have_pkg_config='yes'
host='arm-angstrom-linux-gnueabi'
host_alias='arm-angstrom-linux-gnueabi'
host_cpu='arm'
host_os='linux-gnueabi'
host_vendor='angstrom'
htmldir='${docdir}'
includedir='${prefix}/include'
infodir='${datarootdir}/info'
install_sh='$(SHELL) /home/kruz/src/mokoiax/trunk/iaxclient/install-sh'
libdir='${exec_prefix}/lib'
libexecdir='${exec_prefix}/libexec'
localedir='${datarootdir}/locale'
localstatedir='${prefix}/var'
mandir='${datarootdir}/man'
mkdir_p='/bin/mkdir -p'
oldincludedir='/usr/include'
pdfdir='${docdir}'
prefix='/usr/local/openmoko/arm'
program_transform_name='s,x,x,'
psdir='${docdir}'
sbindir='${exec_prefix}/sbin'
sharedstatedir='${prefix}/com'
sysconfdir='${prefix}/etc'
target_alias=''

## ----------- ##
## confdefs.h. ##
## ----------- ##

#define PACKAGE_NAME "iaxclient"
#define PACKAGE_TARNAME "iaxclient"
#define PACKAGE_VERSION "2.0.2"
#define PACKAGE_STRING "iaxclient 2.0.2"
#define PACKAGE_BUGREPORT "jpgrayson@gmail.com"
#define PACKAGE "iaxclient"
#define VERSION "2.0.2"
#define _GNU_SOURCE 1
#define STDC_HEADERS 1
#define HAVE_SYS_TYPES_H 1
#define HAVE_SYS_STAT_H 1
#define HAVE_STDLIB_H 1
#define HAVE_STRING_H 1
#define HAVE_MEMORY_H 1
#define HAVE_STRINGS_H 1
#define HAVE_INTTYPES_H 1
#define HAVE_STDINT_H 1
#define HAVE_UNISTD_H 1
#define HAVE_DLFCN_H 1
#define STDC_HEADERS 1
#define HAVE__BOOL 1
#define HAVE_STDBOOL_H 1
#define TIME_WITH_SYS_TIME 1
#define HAVE_SYS_TIME_H 1
#define HAVE_SYS_SOCKET_H 1
#define HAVE_VSNPRINTF 1
#define HAVE_PTHREAD 1
#define LINUX
#define SPEEX_PREPROCESS 1
#define SPEEX_EC 1
#define CODEC_GSM

configure: exit 0
